[2;37;0m> [0;37mhp[0m
 [1;32m 1757/  1757 [1;32m(100%)[2;37;0m    ʳ[1;32m 93%
[2;37;0m Ѫ[1;32m 2412/  2412 [1;32m(100%)[2;37;0m    ˮ[1;32m 93%
[2;37;0m [1;32m 1237/  1237 [1;32m(100%)[1;37m    ۡ 541
[2;37;0m [1;36m  750/   375 (  54)[1;31m    ɱ 347
[2;37;0m [1;36m 1342/   671 (  57)[1;32m    Ǳܡ 34966
[2;37;0m [1;36m  230/   115 (   0)[1;35m    ȼ 31 13.7
[2;37;0m [1;32m  100/   100           0/   5 
[2;37;0m> [0;37ml[0m
ׯ - 
    ´ĵĳׯ󣬵ֵطѾǺˡ߿
̨϶һƥƥ޵ĳСһֳɵ·ȴԵû
ɵӣֻϣڣڵȻǻƣڼȴϰ塣󷿵
ţŰ͸龰
    Եĳ [1mnortheast[2;37;0m  [1msouth[2;37;0m
  ׯ (Huo ji)[37m(LV28)[2;37;0m
  Ǭĺ(Skeleton)[37m(LV28)[2;37;0m
  ɽ С (Lykos)[37m < ˰ >t[2;37;0m[37m(LV31)[2;37;0m
  ؤ  ؤ(Gypsy)[1;35m <>[2;37;0m[37m < ˰ >t[2;37;0m[37m(LV31)[2;37;0m
  ӵСϱ(Pregnant woman)[37m(LV12)[2;37;0m
> [0;37mlc[0m
Ҫʲ᣿
> [0;37mx all[0m
Ҳ corpse 
> 
ӵСϱһ˵ɣǿ飿
[0;37mga skeleton[0m
ӿǬĺóһƤߡ
ӿǬĺóһ¡
Ok
> [0;37mi[0m
ϴЩ( 9%, Я 18/26 )
    (Cloth)
    Ƥ(Whip)
    ţƤƴ(Wineskin)
    ܼ(Plan)
    ʿ(Cloth)
    ʮ[37m[2;37;0m(Silver)
    (Treasure box)
    Ŀ[1;33m[2;37;0m(Gold ball)
  [1;36m[2;37;0m[31mЬ[2;37;0m(Shoes)
  [1;36m[2;37;0m[1;33m[2;37;0m(Amulet)
  [1;36m[2;37;0m[1;33m޺[2;37;0m(Jiasha)
    [31m[2;37;0m(Bracelet)
    [33mǧ㻤[2;37;0m(Necklace)[37m(LV1)[2;37;0m
    [33mƽ[2;37;0m(Gold)
    ˿(Small bag)
  [1;36m[2;37;0m[1;33m[2;37;0m(Jade)
  [1;36m[2;37;0m׵[30m[2;37;0m(Surcoat)[37m(LV1)[2;37;0m
  [1;36m[2;37;0m[32mƹ[2;37;0m(Hat)[37m(LV1)[2;37;0m
> [0;37mdd cloth[0m
㲢ûװ
> 
㶪һ¡
ΪֵǮǲע⵽Ĵڡ
> [0;37ml[0m
ׯ - 
    ´ĵĳׯ󣬵ֵطѾǺˡ߿
̨϶һƥƥ޵ĳСһֳɵ·ȴԵû
ɵӣֻϣڣڵȻǻƣڼȴϰ塣󷿵
ţŰ͸龰
    Եĳ [1mnortheast[2;37;0m  [1msouth[2;37;0m
  ׯ (Huo ji)[37m(LV28)[2;37;0m
  Ǭĺ(Skeleton)[37m(LV28)[2;37;0m
  ɽ С (Lykos)[37m < ˰ >t[2;37;0m[37m(LV31)[2;37;0m
  ؤ  ؤ(Gypsy)[1;35m <>[2;37;0m[37m < ˰ >t[2;37;0m[37m(LV31)[2;37;0m
  ӵСϱ(Pregnant woman)[37m(LV12)[2;37;0m
> [0;37mtf[0m
[32mǵĶ˵EXfollow chan
[2;37;0m> 
[32mؤĶ˵EXfollow chan
[2;37;0m> 
Ǿʼһж
ؤʼһж
[0;37ms[0m

    Եĳ [1mnorthwest[2;37;0m  [1meast[2;37;0m
> [0;37me[0m
[0;37me[0m

    Եĳ [1mnorthwesteast[2;37;0m  [1msouth[2;37;0m
> 
߳Ƕ
    Եĳ [1msoutheast[2;37;0m  [1mwest[2;37;0m
> [0;37me[0m
ûг·
> [0;37mt bc2fy[0m
[32mǵĶ˵EXbc2fy
[2;37;0m> 
[32mؤĶ˵EXbc2fy
[2;37;0m> 
ڲûиκˡ
> 
> 
ԭ
    Եĳ [1meast[2;37;0m  [1mnorthwest[2;37;0m
> 
ԭ
    Եĳ [1mnorthwest[2;37;0m  [1meast[2;37;0m
  ţ(Bull)
  ţ(Bull)
> 
ԭ
    Եĳ [1mnorthwest[2;37;0m  [1meast[2;37;0m
  ţ(Bull)
> 
ԭ
    Եĳ [1mwest[2;37;0m  [1meast[2;37;0m
> 
ԭ
    Եĳ [1msoutheastwest[2;37;0m  [1msouth[2;37;0m
  [33mկ [2;37;0m ϻ(Tu laohu)
  [33mկ[2;37;0m ɽկ(Bandit)
  [33mկ[2;37;0m ɽկ(Bandit)
  [33mկ[2;37;0m ɽկ(Bandit)
ԭ
    Եĳ [1msouthwesteast[2;37;0m  [1mnorthwest[2;37;0m
ɽ
    Եĳ [1mnorthwesteast[2;37;0m  [1msouth[2;37;0m
  С(Ma xiaobei)

    Եĳ [1mnorthupsoutheast[2;37;0m  [1mwest[2;37;0m
ɽ
    Եĳ [1meast[2;37;0m  [1mnorthwest[2;37;0m
  (Mache)
ʲ
    Եĳ [1mwest[2;37;0m  [1meast[2;37;0m
ٺ
    Եĳ [1msoutheastnorthwest[2;37;0m  [1msouthwest[2;37;0m
Į
    Եĳ [1msoutheasteastnorthwest[2;37;0m  [1msouth[2;37;0m
  Į(Traveler)
  Į(Traveler)
Į
    Եĳ [1msoutheastnorthwest[2;37;0m  [1mnorthwest[2;37;0m
عַ
    Եĳ [1mnortheast[2;37;0m  [1mnorthwest[2;37;0m
Ź
    Եĳ [1msoutheastwest[2;37;0m  [1mnorthwest[2;37;0m
ɳ
    Եĳ [1mwesteastsouthwest[2;37;0m  [1mnorthwest[2;37;0m
ɳ
    Եĳ [1mnortheastwesteast[2;37;0m  [1msouth[2;37;0m
[1;31mβ[1;31mɱ㣡
[2;37;0m[1;31mβ[1;31mɱ㣡
[2;37;0m
    Եĳ [1mnorthwest[2;37;0m  [1meast[2;37;0m
  ؤ  ؤ(Gypsy)
  ɽ С (Lykos)[37m	** ս **[2;37;0m
  β(Snake)[37m	** ս **[2;37;0m
  β(Snake)[37m	** ս **[2;37;0m
  ķ (Travel lama)
> 
Ӻ˿óһţƤƴ
㽫ţƤƴʣµˮ
ӺнţƤƴװˮ
㽫һţƤƴŽ˿档
> 
Ķˡ

βľݺݵһҧ
ֻӰһΣһʽֱϡѱ֮߳⡣
˵˵Ϸ֪˭ܰˡ
ؤĶˡ
ڲûиκˡ
> 
ڲûиκˡ
> 
Įɳ
    Եĳ [1mdownnorthwesteast[2;37;0m  [1msouth[2;37;0m
  ߿ש(Teablock)
  һ߿Ǭĺ(Skeleton)
Ұ
    Եĳ [1mnorthwest[2;37;0m  [1msouth[2;37;0m
Ұ
    Եĳ [1msouthupnorth[2;37;0m  [1mnorthwest[2;37;0m
  ĵͷ(Gangster)
ɽ
    Եĳ [1mnorthdown[2;37;0m  [1msouthwest[2;37;0m
Ǳ
    Եĳ [1msoutheast[2;37;0m  [1mnortheast[2;37;0m
  سǹٱ(Chenxiang garrison)
  سǹٱ(Chenxiang garrison)
Ǿɽ
    Եĳ [1msoutheastwest[2;37;0m  [1mnorthwest[2;37;0m
  ĥ˵(Moman)
  ĵͷ(Gangster)
ʯ
    Եĳ [1msouthwest[2;37;0m  [1mnorthwest[2;37;0m
ϱ
    Եĳ [1msoutheastnortheast[2;37;0m  [1mwest[2;37;0m
ʯ
    Եĳ [1mnorthwest[2;37;0m  [1msouth[2;37;0m
ϳǹ㳡
    Եĳ [1mwestnortheast[2;37;0m  [1msouth[2;37;0m
  (Fishseller)
  С(Fishbuyer)
> 

    Եĳ [1mwest[2;37;0m  [1meast[2;37;0m
> 

    Եĳ [1mnorthwest[2;37;0m  [1meast[2;37;0m
  ũŮ(Nongnu)
> 

    Եĳ [1mwesteast[2;37;0m  [1msouth[2;37;0m
> 
çֱԵ
    Եĳ [1mwest[2;37;0m  [1meast[2;37;0m
> 
ç֮
    Եĳ [1mnortheast[2;37;0m  [1msouth[2;37;0m
> 
ç֮
    Եĳ [1mnorthwesteast[2;37;0m  [1msouth[2;37;0m
  ؤ  ؤ(Gypsy)
  ɽ С (Lykos)
> 
ץͻ֦˳ȥ
> 
ڲûиκˡ
> 

    Ψһĳ [1mdown[2;37;0m
˳
ؤ˳
˳
 - 
    ȥֺããޱ߼ʡŨ֦ܵһʵĵ̸̺
أһ·ĺۼϴ׳[37m֦[32mչ
һΪ⻬ƺǾʰѹ
    죬硣
    ʼ˷Ѿˡ
    Ψһĳ [1mdown[2;37;0m
  ɽ С (Lykos)[37m < ˰ >t[2;37;0m[37m(LV31)[2;37;0m
  ؤ  ؤ(Gypsy)[37m < ˰ >t[2;37;0m[37m(LV31)[2;37;0m
> 

ץ֦򱱷ȥ	
Ŷߵĺǲе
ŶŶŶŶŶŶ



ץ֦򱱷ȥ	
Ŷߵĺ㲻е
ŶŶŶŶŶŶ


    Ψһĳ [1mdown[2;37;0m
  ɽ С (Lykos)
> 

ץ֦򱱷ȥ	
Ŷߵĺǲе
ŶŶŶŶŶŶ



ץ֦򱱷ȥ	
Ŷߵĺ㲻е
ŶŶŶŶŶŶ

çֱԵ
    Եĳ [1mnorth[2;37;0m  [1msouth[2;37;0m
> 

    Եĳ [1mnorth[2;37;0m  [1msouth[2;37;0m
Сɽ
    Եĳ [1mnortheastup[2;37;0m  [1msouth[2;37;0m

    Եĳ [1mwestnortheast[2;37;0m  [1msouth[2;37;0m
  С(Xiaofan)
  (Fengyun garrison)
[1;32mϳ[2;37;0m
    Եĳ [1mnorthup[2;37;0m  [1msouth[2;37;0m
  ɽ С (Lykos)
  (Fengyun garrison)
  (Fengyun garrison)
  (Fengyun garrison)
  (Fengyun garrison)
> 
ʲô
> 
ڲûиκˡ
> 
е[1;33m[2;37;0m
> 
[1;36mű[2;37;0m
    Եĳ [1mwestnortheast[2;37;0m  [1msouth[2;37;0m
[1;36mƽ[2;37;0m
    Եĳ [1mwestnortheast[2;37;0m  [1msouth[2;37;0m
[1;36mƽ[2;37;0m
    Եĳ [1mwestnortheast[2;37;0m  [1msouth[2;37;0m
[1;36mƽ[2;37;0m
    Եĳ [1mwestnortheast[2;37;0m  [1msouth[2;37;0m
[1;36mƽ[2;37;0m
    Եĳ [1mwestnortheast[2;37;0m  [1msouth[2;37;0m
[1;36mƽ[2;37;0m
    Եĳ [1mwestnortheast[2;37;0m  [1msouth[2;37;0m
  [1;31mǮ*ѱһ[2;37;0m [33mСС[2;37;0m(Xxc)
  幬 ˡ[1;31mû[1;32m[2;37;0mһ(Yibai)
[1;36m̳[2;37;0m
    Եĳ [1mwestnortheast[2;37;0m  [1msouth[2;37;0m
  [1;32m꺮[2;37;0m ÷(Han mei)

    Եĳ [1mwestnortheastup[2;37;0m  [1msouth[2;37;0m
  [1;31mǮ*ѱһ[2;37;0m [33mСС[2;37;0m(Xxl)
  [1;31mǮ*ѱһ[2;37;0m [1;33mССؤ[2;37;0m(Xxg)
  [1;36mװ[2;37;0m(Fengyun bingzhuangpu)
  [32mĦ[2;37;0m(Stone) [ 177 ԣ177 δ ]
[1;31m[2;37;0m
> 
[36mʮ˫ֱȭ˸ҾλӢˣ
[2;37;0m[36mʮ˫ֱȭ˸ҾλӢˣ
[2;37;0m[1;33mССؤ[2;37;0mش˳š
[33mСС[2;37;0mش˳š
[36mʮ˫ֱȭ˸ҾλӢˣ
[2;37;0m[36mʮ˫ֱȭ˸ҾλӢˣ
[2;37;0m[36mʮ˫ֱȭ˸ҾλӢˣ
[2;37;0m[36mʮ˫ֱȭ˸ҾλӢˣ
[2;37;0m[0;37mtq[0m
[33mǣEXqq
[2;37;0m> 
[33mؤEXqq
[2;37;0m> 
[36mس : ǣǣÿϹæ~~~
[2;37;0m[36mؤĿ⣬ҹΣһ꾫ӡ
[2;37;0m[37m [37m ڵ: [1;37m÷ɽׯ[1;37mһء[2;37;0mս[1;37m[1;37m[2;37;0m[2;37;0m
[37m ؤ[37m ڵ: [1;37m[1;37m[1;37mɱˡ[2;37;0m[1;37m[2;37;0m[2;37;0m
[36mջˡ
[2;37;0m> 
[37m[1;33m[2;37;0m[37m˵[1;37m˼[1;37mһء[2;37;0m[1;32m[2;37;0m[1;37m[1;37m[2;37;0m[2;37;0m
> 
[36m˫ֱȭ˸ҾλӢˣ
[2;37;0m[0;37mtta qb[0m
[33mǣEXqb
[2;37;0m> 
[2;37;0m[36m˫ֱȭ˸ҾλӢˣ
[2;37;0m[0;37mtta qb[0m
[33mǣEXqb
[2;37;0m> 
[33mСС[2;37;0m±˹ȥ
[36mʮ˫ֱȭ˸ҾλӢˣ
[2;37;0m[36m˫ֱȭ˸ҾλӢˣ
[2;37;0m[36mʮ˫ֱȭ˸ҾλӢˣ
[2;37;0m[33mСС[2;37;0mش˳š
[0;37mtq[0m
[33mǣEXqq
[2;37;0m> 
[33mؤEXqq
[2;37;0m> 
[36mس : ǣǣÿϹæ~~~
[2;37;0m[36mؤĿ⣬ҹΣһ꾫ӡ
[2;37;0m[36mջˡ
[2;37;0m> 
[37m  ڵ: ÷ɽׯȥ[1;31mѰ[2;37;0m[37m[2;37;0mս[2;37;0m[37mʮķʮ
[37m ؤ ڵ: ȥ[1;31mɱ[2;37;0m[37m[2;37;0m[2;37;0m[37mʮķʮ
[37mڵ: ˼ȥ[1;31mѰ[2;37;0m[37m[2;37;0m[1;32m[2;37;0m[2;37;0m[37mʮķʮ
[2;37;0m> [0;37mtc[0m
[33mǣEXfollow none
[2;37;0m> 
[33mؤEXfollow none
[2;37;0m> 
û....
> [0;37mfy2xsl[0m
ڲûиκˡ
> 

    Եĳ [1mwestnortheastup[2;37;0m  [1msouth[2;37;0m
  [1;36mװ[2;37;0m(Fengyun bingzhuangpu)
  [32mĦ[2;37;0m(Stone) [ 177 ԣ177 δ ]
> 
[1;32m̳[2;37;0m
    Եĳ [1mwesteast[2;37;0m  [1msouth[2;37;0m
> 
[1;32m[2;37;0m
    Եĳ [1mnorthwesteast[2;37;0m  [1msouth[2;37;0m
  ˵(Cai fan)
> 
[1;32m[2;37;0m
    Եĳ [1mwesteast[2;37;0m  [1msouth[2;37;0m
  (Big fatman)
> 
[1;32m[2;37;0m
    Եĳ [1mnorthwesteast[2;37;0m  [1msouth[2;37;0m
  ߵ(Toy seller)
> 
[1;32m[2;37;0m
    Եĳ [1mnorthwest[2;37;0m  [1meast[2;37;0m
  ʲôҲ(Bad seller)
> 
[1;32m[2;37;0m
    Եĳ [1mnorthwest[2;37;0m  [1meast[2;37;0m
  ͽ(Young rogue)
  ҩ(Med seller)
> 
[1;32m[2;37;0m
    Եĳ [1mwesteast[2;37;0m  [1msouth[2;37;0m
  (Tangzi shou)
> 
[1;32mƶ[2;37;0m
    Եĳ [1mwesteast[2;37;0m  [1mup[2;37;0m
  (Fengyun garrison)
  (Fengyun garrison)
  (Fengyun garrison)
  (Fengyun garrison)
> 
ƶ 
    Եĳ [1mnorthwesteast[2;37;0m  [1msouth[2;37;0m
> 
·
    Եĳ [1mnortheastwesteast[2;37;0m  [1msouth[2;37;0m
> 
ûװκ
> 
ƶ 
    Եĳ [1mnorthwesteast[2;37;0m  [1msouth[2;37;0m
> 
[1;32mƶ[2;37;0m
    Եĳ [1mwesteast[2;37;0m  [1mup[2;37;0m
  (Fengyun garrison)
  (Fengyun garrison)
  (Fengyun garrison)
  (Fengyun garrison)
> 
[1;32m[2;37;0m
    Եĳ [1mwesteast[2;37;0m  [1msouth[2;37;0m
  (Tangzi shou)
> 
[1;32mƶ[2;37;0m
    Եĳ [1mwesteast[2;37;0m  [1mup[2;37;0m
  (Fengyun garrison)
  (Fengyun garrison)
  (Fengyun garrison)
  (Fengyun garrison)
> 
ƶ 
    Եĳ [1mnorthwesteast[2;37;0m  [1msouth[2;37;0m
> 
·
    Եĳ [1mnortheastwesteast[2;37;0m  [1msouth[2;37;0m
> 
ɽͻȻƮһŨʱߵľɫ౻ס
ʯӰ
    Եĳ [1mnorth[2;37;0m  [1msouth[2;37;0m
ڴɽеƬ̣Ȼľɫдͬ
> 
[36m
һɽʯͻȻתһӰסȥ·

[2;37;0m[36m
ǿȵѣѣ·
[2;37;0m[1;31mǿ[1;31mɱ㣡
[2;37;0m
    Եĳ [1mnorth[2;37;0m  [1msouth[2;37;0m
  ¹[2;37;0m[1;32m[2;37;0m(Xiao xiao)
> [0;37ml[0m
 - 
    ߵֻɫȻһƻէ١̧ͷȥȴԭǧ
񴱴ס˰Ļա͸һ˿ĺɫֱѰ
߳࣬ƺ˵֣һʱȴǿ
˼á
    죬硣
    ʼ˷Ѿˡ
    Եĳ [1mnorth[2;37;0m  [1msouth[2;37;0m
  ¹[2;37;0m[1;32m[2;37;0m(Xiao xiao)[37m(LV83)[2;37;0m
> [0;37ms[0m

    Եĳ [1mnortheast[2;37;0m  [1msouth[2;37;0m
> [0;37ml[0m
 - 
    ߵֱԵһѵСϪбǰϪˮ
һԲɰʯˮ˴ϪߵʯϣƼ
ȥ齦飬öĿɽԼɼһǺܷɹ
Уߴױѩⶫ֮Ǻ
    죬硣
    ʼ˷Ѿˡ
    Եĳ [1mnortheast[2;37;0m  [1msouth[2;37;0m
> [0;37mn[0m

    Եĳ [1mnorth[2;37;0m  [1msouth[2;37;0m
  ¹[2;37;0m[1;32m[2;37;0m(Xiao xiao)
> [0;37mpick[0m
Ҫʲô
> [0;37mpick bamboo[0m
[36mȥӡ
[2;37;0mӼӲ쳣ǰ۲
> [0;37mpick bamboo[0m
[36mȥӡ
[2;37;0mӼӲ쳣ǰ۲
> [0;37mi[0m
ϴЩ( 9%, Я 17/26 )
    Ƥ(Whip)
    ţƤƴ(Wineskin)
    ܼ(Plan)
    ʿ(Cloth)
    ʮ[37m[2;37;0m(Silver)
    (Treasure box)
    Ŀ[1;33m[2;37;0m(Gold ball)
  [1;36m[2;37;0m[31mЬ[2;37;0m(Shoes)
  [1;36m[2;37;0m[1;33m[2;37;0m(Amulet)
  [1;36m[2;37;0m[1;33m޺[2;37;0m(Jiasha)
    [31m[2;37;0m(Bracelet)
    [33mǧ㻤[2;37;0m(Necklace)[37m(LV1)[2;37;0m
    [33mƽ[2;37;0m(Gold)
    ˿(Small bag)
    [1;33m[2;37;0m(Jade)
  [1;36m[2;37;0m׵[30m[2;37;0m(Surcoat)[37m(LV1)[2;37;0m
  [1;36m[2;37;0m[32mƹ[2;37;0m(Hat)[37m(LV1)[2;37;0m
> [0;37mxsl2fy[0m
ڲûиκˡ
> 
ʯӰ
    Եĳ [1mnorth[2;37;0m  [1msouth[2;37;0m
> 
ã·
    Եĳ [1mwest[2;37;0m  [1meastup[2;37;0m
> 
·
    Եĳ [1mnortheastwesteast[2;37;0m  [1msouth[2;37;0m
> 
ƶ 
    Եĳ [1mnorthwesteast[2;37;0m  [1msouth[2;37;0m
> 
ڲûиκˡ
> 
ûװκ
> 
[1;32mƶ[2;37;0m
    Եĳ [1mwesteast[2;37;0m  [1mup[2;37;0m
  (Fengyun garrison)
  (Fengyun garrison)
  (Fengyun garrison)
  (Fengyun garrison)
[1;32m[2;37;0m
    Եĳ [1mwesteast[2;37;0m  [1msouth[2;37;0m
  (Tangzi shou)
[1;32m[2;37;0m
    Եĳ [1mnorthwest[2;37;0m  [1meast[2;37;0m
  ͽ(Young rogue)
  ҩ(Med seller)
[1;32m[2;37;0m
    Եĳ [1mnorthwest[2;37;0m  [1meast[2;37;0m
  ʲôҲ(Bad seller)
[1;32m[2;37;0m
    Եĳ [1mnorthwesteast[2;37;0m  [1msouth[2;37;0m
  ߵ(Toy seller)
[1;32m[2;37;0m
    Եĳ [1mwesteast[2;37;0m  [1msouth[2;37;0m
  (Big fatman)
[1;32m[2;37;0m
    Եĳ [1mnorthwesteast[2;37;0m  [1msouth[2;37;0m
  ˵(Cai fan)
[1;32m̳[2;37;0m
    Եĳ [1mwesteast[2;37;0m  [1msouth[2;37;0m

    Եĳ [1mwestnortheastup[2;37;0m  [1msouth[2;37;0m
  [1;36mװ[2;37;0m(Fengyun bingzhuangpu)
  [32mĦ[2;37;0m(Stone) [ 177 ԣ177 δ ]
[1;31m[2;37;0m
> 
[36mʮ˫ֱȭ˸ҾλӢˣ
[2;37;0m[36mʮ˫ֱȭ˸ҾλӢˣ
[36mƻ˫ֱȭ˸ҾλӢˣ
[33mСС[2;37;0m±˹ȥ
[36mƻ˫ֱȭ˸ҾλӢˣ
[36mʮ˫ֱȭ˸ҾλӢˣ
[2;37;0m[36mʮ˫ֱȭ˸ҾλӢˣ
[2;37;0m[36mװĵؽԼظ¶һǡ
[2;37;0m> 
[33mСС[2;37;0mش˳š
[33mСС[2;37;0m±˹ȥ
[36mƻ˫ֱȭ˸ҾλӢˣ
[2;37;0m[36mؤװĵؽԼظ¶һǡ  
[36mʮ˫ֱȭ˸ҾλӢˣ
[2;37;0m[36mʮ˫ֱȭ˸ҾλӢˣ
[2;37;0m[0;37mtq[0m
[33mСС[2;37;0mش˳š
[33mǣEXqq
[2;37;0m> 
[36mеش˫ֱȭ˸ҾλӢˣ
[2;37;0m[33mؤEXqq
[2;37;0m> 
[36mس : ǣǣÿϹæ~~~
[2;37;0m[36mؤĿ⣬ҹΣһ꾫ӡ
[2;37;0m[36mջˡ
[2;37;0m> 
[37m  ڵ: ÷ɽׯȥ[1;31mѰ[2;37;0m[37m[2;37;0mս[2;37;0m[37mʮʮ
[37m ؤ ڵ: ȥ[1;31mɱ[2;37;0m[37m[2;37;0m[2;37;0m[37mʮʮ
[37mڵ: ˼ȥ[1;31mѰ[2;37;0m[37m[2;37;0m[1;32m[2;37;0m[2;37;0m[37mʮʮ
[2;37;0m> [0;37mqb[0m
[2;37;0m> 
[37m  ڵ: ÷ɽׯȥ[1;31mѰ[2;37;0m[37m[2;37;0mս[2;37;0m[37mʮʮ
[37m ؤ ڵ: ȥ[1;31mɱ[2;37;0m[37m[2;37;0m[2;37;0m[37mʮʮ
[37mڵ: ˼ȥ[1;31mѰ[2;37;0m[37m[2;37;0m[1;32m[2;37;0m[2;37;0m[37mʮʮ
[2;37;0m> 

    Եĳ [1mwestnortheastup[2;37;0m  [1msouth[2;37;0m
  [1;36mװ[2;37;0m(Fengyun bingzhuangpu)
  [32mĦ[2;37;0m(Stone) [ 177 ԣ177 δ ]
[1;37m̳[2;37;0m
    Եĳ [1mnorthwesteast[2;37;0m  [1msouth[2;37;0m
[1;37m[2;37;0m
    Եĳ [1mnorthwesteast[2;37;0m  [1msouth[2;37;0m
  [1;32m꺮[2;37;0m (Gu song)
[1;37m[2;37;0m
    Եĳ [1mwestnortheast[2;37;0m  [1msouth[2;37;0m
  [1;32mִ[2;37;0m С(Little fatman)
ǧ
    Ψһĳ [1mnorth[2;37;0m
  ϰ[1;35m[2;37;0m(Xiang ling)
> 
[1;33m[2;37;0m[1;31mƷ۸[2;37;0m[1;33m
[2;37;0m[1;33m[2;37;0m[1;31m[2;37;0m[1;33m
[2;37;0m[1;33m[2;37;0m1 ١(qin)                                       ʮһ[1;33m
[2;37;0m[1;33m[2;37;0m2 ʬۡ(dust)                            Ǯ        һһʮŰ[1;33m
[2;37;0m[1;33m[2;37;0m3 𶾽ҩ(bat drug)                                  һ[1;33m
[2;37;0m[1;33m[2;37;0m4 ඹ(vegetable)                         ʮǮ            ʮ˿[1;33m
[2;37;0m[1;33m[2;37;0m5 ҹ¡(black suit)                      һ              [1;33m
[2;37;0m[1;33m[2;37;0m6 㾭(jinbook)                         ʮǮ              һ[1;33m
[2;37;0m[1;33m[2;37;0m7 Сס(fish tank)                       һ            ʮĸ[1;33m
[2;37;0m[1;33m[2;37;0m8 ߡȡ(zheshan)                                 һǧʮ[1;33m
[2;37;0m[1;33m[2;37;0m9 ߡ(string)                            ʮǮ              [1;33m
[2;37;0m[1;33m[2;37;0m10[36mľľɣɣɡ[2;37;0m(scroll)                    ʮı[1;33m
[2;37;0m[1;33m[2;37;0m11[36m硤һ᡻[2;37;0m(scroll)            ʮ              һ[1;33m
[2;37;0m[1;33m[2;37;0m12ɫԲ(black pie)                   ʮǮ            ʮĸ[1;33m
[2;37;0m[1;33m[2;37;0m13[36m늷[2;37;0m(paper seal)                                    һ[1;33m
[2;37;0m[1;33m[2;37;0m14(hook)                                            һ[1;33m
[2;37;0m[1;33m[2;37;0m15ӡ(suo zi)                            һ              [1;33m
[2;37;0m[1;33m[2;37;0m16ײɮ¡(monk cloth)                                  [1;33m
[2;37;0m[1;33m[2;37;0m17[1;31m[2;37;0m(red girth)                                     [1;33m
[2;37;0m[1;33m[2;37;0m18߸(blade)                                         һ[1;33m
[2;37;0m[1;33m[2;37;0m19(pin)                                         һ[1;33m
[2;37;0m[1;33m[2;37;0m20Сš(trumpet)                           Ǯ                ĸ[1;33m
[2;37;0m[1;33m[2;37;0m21ġ(drum)                              Ǯ                [1;33m
[2;37;0m[1;33m[2;37;0m22ľ(mugui)                                       һ[1;33m
[2;37;0m[1;33m[2;37;0m23[36mץΨҶɡ[2;37;0m(scroll)                      ˱[1;33m
[2;37;0m[1;33m[2;37;0m24ϸߡ(string)                          ʮǮ              [1;33m
[2;37;0m[1;33m[2;37;0m25ռš(bubook)                                      [1;33m
[2;37;0m[1;33m[2;37;0m26Ѫɴ¡(shayi)                         ʮǮ                һ[1;33m
[2;37;0m[1;33m[2;37;0m27ߴ¡(7bag-cloth)                                  [1;33m
[2;37;0m[1;33m[2;37;0m28ҡ(bighat)                            һ              Ŷ[1;33m
[2;37;0m[1;33m[2;37;0m29񵶡(knife)                                         [1;33m
[2;37;0m[1;33m[2;37;0m30С̿㡻(short trousers)                  һ              һ[1;33m
[2;37;0m[1;33m[2;37;0m31ľӡ(woodbox)                         һ              [1;33m
[2;37;0m[1;33m[2;37;0m32ơ(ironfist)                          ʮǮ              [1;33m
[2;37;0m[1;33m[2;37;0m33հ׵ľ᡻(scroll)                      ʮ              [1;33m
[2;37;0m[1;33m[2;37;0m34[31mխ[2;37;0m(ao)                        һ              [1;33m
[2;37;0m[1;33m[2;37;0m35[1;37mˮ[2;37;0m(whitecloth)              ʮ            ʮż[1;33m
[2;37;0m[1;33m[2;37;0m36ɮ¡(monk clothes)              һ              һ[1;33m
[2;37;0m[1;33m[2;37;0m37[1;33mɫƤ[2;37;0m(brown cloth)                   ʮǮ              ļ[1;33m
[2;37;0m[1;33m[2;37;0m38䵶(jieblade)                                        [1;33m
== δ [1;33m10%[2;37;0m == (ENTER һҳq 뿪)
[2;37;0m[1;33m[2;37;0m39ī廨ۡ(green robe)                ʮ          ʮ[1;33m
[2;37;0m[1;33m[2;37;0m40׹(jade)                                      ʮ[1;33m
[2;37;0m[1;33m[2;37;0m41ǹ(spear)                             ʮ              İ[1;33m
[2;37;0m[1;33m[2;37;0m42ɳ(staff)                                       [1;33m
[2;37;0m[1;33m[2;37;0m43[33mɫȹ[2;37;0m(long skirt)                  ʮǮ            ʮ[1;33m
[2;37;0m[1;33m[2;37;0m44š(rice)                              ʮǮ              һ[1;33m
[2;37;0m[1;33m[2;37;0m45ѱؼ(bat book)                              һ[1;33m
[2;37;0m[1;33m[2;37;0m46ӡ(spade)                                           һ[1;33m
[2;37;0m[1;33m[2;37;0m47[36mƽǹɣɡ[2;37;0m(scroll)                һ[1;33m
[2;37;0m[1;33m[2;37;0m48絶(blade)                                           [1;33m
[2;37;0m[1;33m[2;37;0m49[1;31mַ[2;37;0m(cloth)                           ʮ              һ[1;33m
[2;37;0m[1;33m[2;37;0m50߹ڡ(hat)                                           ʮ[1;33m
[2;37;0m[1;33m[2;37;0m51ӡ(cloth)                         һ              [1;33m
[2;37;0m[1;33m[2;37;0m52[1;31mƤ[2;37;0m(jiasha)                        һ              һ[1;33m
[2;37;0m[1;33m[2;37;0m53ͷ(towel)                                           һ[1;33m
[2;37;0m[1;33m[2;37;0m54[32m[2;37;0m(lotus petal)                       ʮ              һ[1;33m
[2;37;0m[1;33m[2;37;0m55[32mȹ[2;37;0m(greenskirt)                    ʮ            [1;33m
[2;37;0m[1;33m[2;37;0m56[36mɫ[2;37;0m(cloth)                       ʮ              һ[1;33m
[2;37;0m[1;33m[2;37;0m57㡻(gong xiang)                        ʮǮ                һ֧[1;33m
[2;37;0m[1;33m[2;37;0m58Ĵ¡(4bag-cloth)                                  һ[1;33m
[2;37;0m[1;33m[2;37;0m59ȡ(fried chicken leg)               ʮǮ              [1;33m
[2;37;0m[1;33m[2;37;0m60[36mʮơ𾪰ɣɣɡ[2;37;0m(scroll)                [1;33m
[2;37;0m[1;33m[2;37;0m61𻨻Ƶ׷ɻۡ(jincloth)                ʮ            ʮ[1;33m
[2;37;0m[1;33m[2;37;0m62(long sword)                        Ǯ                һ[1;33m
[2;37;0m[1;33m[2;37;0m63[36m[2;37;0m(cyan needle)                   ʮ              һ[1;33m
[2;37;0m[1;33m[2;37;0m64ɮ(monk-stick)                                  ʮŸ[1;33m
[2;37;0m[1;33m[2;37;0m65ˮš(swimmingbook)                  һ            ʮ[1;33m
[2;37;0m[1;33m[2;37;0m66(majiangpai tiao)                   ʮǮ              ʮ[1;33m
[2;37;0m[1;33m[2;37;0m67˿ۡ(silk cloth)                    Ǯ                һ[1;33m
[2;37;0m[1;33m[2;37;0m68ţƤƴ(jiudai)                        ʮǮ              [1;33m
[2;37;0m[1;33m[2;37;0m69Ʋѥ(yun xue)                         ʮǮ            ʮһ[1;33m
[2;37;0m[1;33m[2;37;0m70Žӡ(cloth)                           ʮ              һ[1;33m
[2;37;0m[1;33m[2;37;0m71ײɮЬ(monk shoes)                    ʮǮ                ˫[1;33m
[2;37;0m[1;33m[2;37;0m72ϡ(watermelon)                        ʮǮ              [1;33m
[2;37;0m[1;33m[2;37;0m73в(yanbo)                                           ʮֻ[1;33m
[2;37;0m[1;33m[2;37;0m74ⵣ(biandan)                                         ĸ[1;33m
[2;37;0m[1;33m[2;37;0m75ɱ(shawei bang)                     ٶʮǮ          [1;33m
[2;37;0m[1;33m[2;37;0m76(silk)                                            [1;33m
[2;37;0m[1;33m[2;37;0m77ƤС(skin dagger)                                 [1;33m
[2;37;0m[1;33m[2;37;0m78[1;31m켪[2;37;0m(wedding dress)                 Ǯ                ߼[1;33m
== δ [1;33m21%[2;37;0m == (ENTER һҳq 뿪)
[2;37;0m[1;33m[2;37;0m79С糵(small toy)                       һ              һ[1;33m
[2;37;0m[1;33m[2;37;0m80Ƥ硻(wolfskin cloak)                һ              [1;33m
[2;37;0m[1;33m[2;37;0m81¡(cloth)                             ƽ              һ[1;33m
[2;37;0m[1;33m[2;37;0m82ͷ(glaive)                          ʮǮ              ˱[1;33m
[2;37;0m[1;33m[2;37;0m83[33m[2;37;0m(yellow worm)                     Ǯ        һٶʮ[1;33m
[2;37;0m[1;33m[2;37;0m84ϸ͡(bamboo)                          һ              һ[1;33m
[2;37;0m[1;33m[2;37;0m85ӡ(cloth)                         ʮ      һǧʮ[1;33m
[2;37;0m[1;33m[2;37;0m86[1;33mƽ[2;37;0m(golden mask)                   һ              һ[1;33m
[2;37;0m[1;33m[2;37;0m87ռ(meat)                                            һֻ[1;33m
[2;37;0m[1;33m[2;37;0m88١(erhu)                                          ߸[1;33m
[2;37;0m[1;33m[2;37;0m89̱Ԫ(antibuff drug)                             [1;33m
[2;37;0m[1;33m[2;37;0m90С(box)                                             һ[1;33m
[2;37;0m[1;33m[2;37;0m91[1;33mﺣ[2;37;0m(begonia)                         Ǯ                Ķ[1;33m
[2;37;0m[1;33m[2;37;0m92[36mѩҰǱ١ɣɡ[2;37;0m(scroll)                        [1;33m
[2;37;0m[1;33m[2;37;0m93[30mն[2;37;0m(ghost blade)                                   [1;33m
[2;37;0m[1;33m[2;37;0m94(yue cloth)                         һ              [1;33m
[2;37;0m[1;33m[2;37;0m95[1;33mϷ[2;37;0m(dragon whip)                 һʮǮ        ʮһ[1;33m
[2;37;0m[1;33m[2;37;0m96[31mն[2;37;0m(zhanma blade)                    һ          ʮ[1;33m
[2;37;0m[1;33m[2;37;0m97ͼ(shuaiyi picture)                 ʮǮ              һ[1;33m
[2;37;0m[1;33m[2;37;0m98С(silver sword)                                  һ[1;33m
[2;37;0m[1;33m[2;37;0m99Ƥƴ(wineskin)                      ʮǮ              [1;33m
[2;37;0m[1;33m[2;37;0m100[31mͭľ[2;37;0m(copper plate)                             [1;33m
[2;37;0m[1;33m[2;37;0m101[1;36mͷ[2;37;0m(qing ribbon)                    ʮ              [1;33m
[2;37;0m[1;33m[2;37;0m102ûߵĵ͡(fishpole)                           [1;33m
[2;37;0m[1;33m[2;37;0m103[37mذ׳ȹ[2;37;0m(longskirt)                    ʮ            ļ[1;33m
[2;37;0m[1;33m[2;37;0m104Ҳɮ¡(cloth)                        Ǯ                [1;33m
[2;37;0m[1;33m[2;37;0m105ͱ(bing)                           һʮǮ          ĸ[1;33m
[2;37;0m[1;33m[2;37;0m106ջ(tea pot)                                    һ[1;33m
[2;37;0m[1;33m[2;37;0m107˿ӡ(silk cloth)                   ʮǮ            [1;33m
[2;37;0m[1;33m[2;37;0m108[32mҶߵ[2;37;0m(zhuye shedan)                             һ[1;33m
[2;37;0m[1;33m[2;37;0m109[36m廨ɣɡ[2;37;0m(scroll)     ʮ              [1;33m
[2;37;0m[1;33m[2;37;0m110ţɡ(beef meat)                      ʮ              Ŀ[1;33m
[2;37;0m[1;33m[2;37;0m111须(shoukuai)                       ƽ              һ[1;33m
[2;37;0m[1;33m[2;37;0m112ȱݵĶҡ(broken rake)                              ı[1;33m
[2;37;0m[1;33m[2;37;0m113ȡ(zheshan)                                        [1;33m
[2;37;0m[1;33m[2;37;0m114軨(teaflower)                        Ǯ                [1;33m
[2;37;0m[1;33m[2;37;0m115须(tiekuai)                        һƽ              һ[1;33m
[2;37;0m[1;33m[2;37;0m116衻(bomb)                           ʮ              һ[1;33m
[2;37;0m[1;33m[2;37;0m117ٸ(axe)                            ʮ              [1;33m
[2;37;0m[1;33m[2;37;0m118ҷֽ(paper seal)                     ʮ              ߵ[1;33m
== δ [1;33m32%[2;37;0m == (ENTER һҳq 뿪)
[2;37;0m[1;33m[2;37;0m119[1;31mɴ[2;37;0m(shajin)                       һ              һ[1;33m
[2;37;0m[1;33m[2;37;0m120¡(jin yi)                                         һ[1;33m
[2;37;0m[1;33m[2;37;0m121ۡ(white cloth)                                  ʮһ[1;33m
[2;37;0m[1;33m[2;37;0m122絶(blade)                                    ʮ[1;33m
[2;37;0m[1;33m[2;37;0m123(big basket)                                   ĸ[1;33m
[2;37;0m[1;33m[2;37;0m124ɥ(staff)                          ʮ            [1;33m
[2;37;0m[1;33m[2;37;0m125׻须(pearl)                          ʮǮ                һ[1;33m
[2;37;0m[1;33m[2;37;0m126ɽ⡻(pork)                         ʮǮ              ߽[1;33m
[2;37;0m[1;33m[2;37;0m127(belt)                             ʮǮ                [1;33m
[2;37;0m[1;33m[2;37;0m128[34mĵ[2;37;0m(black flower)                   Ǯ                һ[1;33m
[2;37;0m[1;33m[2;37;0m129[1;37mַ[2;37;0m(cloth)                          ʮ              [1;33m
[2;37;0m[1;33m[2;37;0m130ֲ¡(black cloth)                  ʮ              һ[1;33m
[2;37;0m[1;33m[2;37;0m131ѩƽ(icy ribbon)                 һ              һ[1;33m
[2;37;0m[1;33m[2;37;0m132[1;36m಼[2;37;0m(qing cloth)                   ʮ              ʮ[1;33m
[2;37;0m[1;33m[2;37;0m133ٸ(axe)                              ʮ          ʮű[1;33m
[2;37;0m[1;33m[2;37;0m134[1;35m[2;37;0m(purple flower)                  Ǯ                [1;33m
[2;37;0m[1;33m[2;37;0m135ħ须(magicbook)                                  ߱[1;33m
[2;37;0m[1;33m[2;37;0m136С˾(jinbook)                        ʮǮ              ʮ[1;33m
[2;37;0m[1;33m[2;37;0m137[1;37mײͷ[2;37;0m(whitetowel)                                 ʮ[1;33m
[2;37;0m[1;33m[2;37;0m138롻(wine bowl)                      ʮǮ            ʮ˸[1;33m
[2;37;0m[1;33m[2;37;0m139¡(cloth)                            һ            ʮ[1;33m
[2;37;0m[1;33m[2;37;0m140[36mķϢɣɡ[2;37;0m(scroll)     ʮ              [1;33m
[2;37;0m[1;33m[2;37;0m141[31m[34m[1;32m[2;37;0m(5flower arrow)                һʮǮ          [1;33m
[2;37;0m[1;33m[2;37;0m142ֲ¡(sack cloth)                   ʮǮ              һ[1;33m
[2;37;0m[1;33m[2;37;0m143Ѫ(xuechang)                         ʮǮ                һ[1;33m
[2;37;0m[1;33m[2;37;0m144ޡ(airong)                           ʮ              [1;33m
[2;37;0m[1;33m[2;37;0m145϶(horsebean)                    һ            ʮ[1;33m
[2;37;0m[1;33m[2;37;0m146(rope)                                           һ[1;33m
[2;37;0m[1;33m[2;37;0m147[1;33m𱳴󿳵[2;37;0m(gold blade)                 ʮ            ʮ[1;33m
[2;37;0m[1;33m[2;37;0m148ƽ(sword)                            Ǯ                [1;33m
[2;37;0m[1;33m[2;37;0m149Сͭ(bronze sword)                                 һ[1;33m
[2;37;0m[1;33m[2;37;0m150(blade)                            Ǯ            ʮ[1;33m
[2;37;0m[1;33m[2;37;0m151ͷЬ(tiger shoes)                                  ˫[1;33m
[2;37;0m[1;33m[2;37;0m152[1;36mɽѩ[2;37;0m(snow lotus)                   ƽ      һһʮ[1;33m
[2;37;0m[1;33m[2;37;0m153[31mͭľ[2;37;0m(copper plate)                             ߿[1;33m
[2;37;0m[1;33m[2;37;0m154Ƥ硻(wolfskin cloak)               ʮ        ʮ[1;33m
[2;37;0m[1;33m[2;37;0m155Ƥ¡(leather)                                      ʮ߼[1;33m
[2;37;0m[1;33m[2;37;0m156ɫۡ(cloth)                        һ              [1;33m
[2;37;0m[1;33m[2;37;0m157С(fuchen)                       ʮǮ              [1;33m
[2;37;0m[1;33m[2;37;0m158㡻(fish)                             һʮǮ          һ[1;33m
== δ [1;33m43%[2;37;0m == (ENTER һҳq 뿪)
[2;37;0m[1;33m[2;37;0m159Сʯӡ(stone)                          ʮ              [1;33m
[2;37;0m[1;33m[2;37;0m160ֲ¡(cloth)                        һ            ʮ[1;33m
[2;37;0m[1;33m[2;37;0m161ָ(finger dagger)                                İ[1;33m
[2;37;0m[1;33m[2;37;0m162ơ(iron hand)                                  ʮ[1;33m
[2;37;0m[1;33m[2;37;0m163[1;32mǳС[2;37;0m(green cloth)                                [1;33m
[2;37;0m[1;33m[2;37;0m164ľ(sword)                                        һ[1;33m
[2;37;0m[1;33m[2;37;0m165须(book)                             ʮǮ              һ[1;33m
[2;37;0m[1;33m[2;37;0m166ѡ(yun cloth)                        ʮǮ                [1;33m
[2;37;0m[1;33m[2;37;0m167[37mط[2;37;0m(white cloth)                      ʮ            ʮ[1;33m
[2;37;0m[1;33m[2;37;0m168[1;33mǳС[2;37;0m(yellow cloth)                               ߼[1;33m
[2;37;0m[1;33m[2;37;0m169[30m몲[2;37;0m(tibetan robe)                             [1;33m
[2;37;0m[1;33m[2;37;0m170ѩƴ(icy girth)                                һ[1;33m
[2;37;0m[1;33m[2;37;0m171Ƥޡ(snakewhip)                                ʮ[1;33m
[2;37;0m[1;33m[2;37;0m172Ϲϡ(pumpkin)                          ʮǮ            ʮ[1;33m
[2;37;0m[1;33m[2;37;0m173ˮ(shui cloth)                       һ              һ[1;33m
[2;37;0m[1;33m[2;37;0m174š(spellsbook)                               ʮ[1;33m
[2;37;0m[1;33m[2;37;0m175СͰ(matong)                     ʮǮ              ĸ[1;33m
[2;37;0m[1;33m[2;37;0m176ľ(staff)                            Ǯ                ĸ[1;33m
[2;37;0m[1;33m[2;37;0m177(hammer)                           Ǯ                [1;33m
[2;37;0m[1;33m[2;37;0m178[1;37m«[2;37;0m(white calabash)                           һ[1;33m
[2;37;0m[1;33m[2;37;0m179̸(axe)                              Ǯ                һ[1;33m
[2;37;0m[1;33m[2;37;0m180¡(raincoat)                         ʮǮ              һ[1;33m
[2;37;0m[1;33m[2;37;0m181ɫ˿ʳȹ(black skirt)            ʮ            һ[1;33m
[2;37;0m[1;33m[2;37;0m182[31mҰ[2;37;0m(ye guo)                                       ʮһ[1;33m
[2;37;0m[1;33m[2;37;0m183ͼ(shuaiyi picture)                ʮǮ              [1;33m
[2;37;0m[1;33m[2;37;0m184ۡ(yincloth)               ʮ          ʮ[1;33m
[2;37;0m[1;33m[2;37;0m185Ƥֽ(paper)                          һ            ʮ[1;33m
[2;37;0m[1;33m[2;37;0m186СҶ(leaf)                           ʮһ            һƬ[1;33m
[2;37;0m[1;33m[2;37;0m187ֿտ֮(stealingbook)             ʮǮ              ˱[1;33m
[2;37;0m[1;33m[2;37;0m188[1;37mѩ׳[2;37;0m(white silk cloth)             ʮ              [1;33m
[2;37;0m[1;33m[2;37;0m189ƾɵĽ¡(cloth)                      ʮ              [1;33m
[2;37;0m[1;33m[2;37;0m190ƹŻ(picture)                      ʮǮ              һ[1;33m
[2;37;0m[1;33m[2;37;0m191ľ١(muqin)                          ʮǮ                İ[1;33m
[2;37;0m[1;33m[2;37;0m192[1;32m촸[2;37;0m(jumbohammer)                                ʮŸ[1;33m
[2;37;0m[1;33m[2;37;0m193³(tibetan skirt)                                  һ[1;33m
[2;37;0m[1;33m[2;37;0m194桻(chicken soup)                                 [1;33m
[2;37;0m[1;33m[2;37;0m195ϲǡ(candy)                                          [1;33m
[2;37;0m[1;33m[2;37;0m196ľˢ(brush)                                      һ[1;33m
[2;37;0m[1;33m[2;37;0m197Ρ(codonopsis)                       ʮǮ              һ[1;33m
[2;37;0m[1;33m[2;37;0m198ȹ(color skirt)                      ʮ      ǧ[1;33m
== δ [1;33m54%[2;37;0m == (ENTER һҳq 뿪)
[2;37;0m[1;33m[2;37;0m199Ǵ(sixhammer)                                    [1;33m
[2;37;0m[1;33m[2;37;0m200[33m[2;37;0m(betelnut)                                     ʮ[1;33m
[2;37;0m[1;33m[2;37;0m201ľȡ(wood staff)                     Ǯ                һ[1;33m
[2;37;0m[1;33m[2;37;0m202ּס(gangjia)                          ʮǮ            ʮһ[1;33m
[2;37;0m[1;33m[2;37;0m203㡻(perfume)                          ʮǮ                һ[1;33m
[2;37;0m[1;33m[2;37;0m204¡(raincoat)                         ʮǮ              һ[1;33m
[2;37;0m[1;33m[2;37;0m205(book)                         һ          ʮ߱[1;33m
[2;37;0m[1;33m[2;37;0m206⡻(meat)                           һʮǮ          һ[1;33m
[2;37;0m[1;33m[2;37;0m207(cloth)                                        [1;33m
[2;37;0m[1;33m[2;37;0m208(hu-blade)                                       һ[1;33m
[2;37;0m[1;33m[2;37;0m209ҡ(silk bag)                         һ              һ[1;33m
[2;37;0m[1;33m[2;37;0m210ƾɽ¡(cloth)                        ʮ              [1;33m
[2;37;0m[1;33m[2;37;0m211[1;32m[2;37;0m(raincoat)                       ʮ              [1;33m
[2;37;0m[1;33m[2;37;0m212廷ȡ(5-ring staff)                 ʮǮ            [1;33m
[2;37;0m[1;33m[2;37;0m213[36m׽Ʒɣɡ[2;37;0m(scroll)                     [1;33m
[2;37;0m[1;33m[2;37;0m214[36mӯ֮¡[2;37;0m(scroll)         ʮ              [1;33m
[2;37;0m[1;33m[2;37;0m215[36mѩҰǱ١ͻɣɣɡ[2;37;0m(scroll)       ʮ              [1;33m
[2;37;0m[1;33m[2;37;0m216Ƹ(axe)                            ʮ            [1;33m
[2;37;0m[1;33m[2;37;0m217Ṧ须(movebook)                               ʮ屾[1;33m
[2;37;0m[1;33m[2;37;0m218ɨѡ(saoba)                            ʮǮ                [1;33m
[2;37;0m[1;33m[2;37;0m219ݻƵҶ(deadleaf)                     ʮǮ                һ[1;33m
[2;37;0m[1;33m[2;37;0m220(hammer)                                         [1;33m
[2;37;0m[1;33m[2;37;0m221[31m贺[2;37;0m(red coat)                     ʮǮ                [1;33m
[2;37;0m[1;33m[2;37;0m222ָס(ironfist)                                       [1;33m
[2;37;0m[1;33m[2;37;0m223[36m÷Ʈ衤ҹɣɡ[2;37;0m(scroll)               ʮ[1;33m
[2;37;0m[1;33m[2;37;0m224ˡ(qing cai)                         ʮǮ              [1;33m
[2;37;0m[1;33m[2;37;0m225(blade)                                          [1;33m
[2;37;0m[1;33m[2;37;0m226̸(axe)                                            [1;33m
[2;37;0m[1;33m[2;37;0m227ɽ(staff)                          һ              [1;33m
[2;37;0m[1;33m[2;37;0m228񽣡(bamboo sword)                     Ǯ                [1;33m
[2;37;0m[1;33m[2;37;0m229ڴҩ͡(medvase)                      һ            ʮ˸[1;33m
[2;37;0m[1;33m[2;37;0m230[36m÷Ʈ衤ҹɡ[2;37;0m(scroll)               ʮ˱[1;33m
[2;37;0m[1;33m[2;37;0m231[36mѪɣɡ[2;37;0m(scroll)             ʮ              [1;33m
[2;37;0m[1;33m[2;37;0m232ë(white towel)                    ʮǮ          ʮ[1;33m
[2;37;0m[1;33m[2;37;0m233߻ȡ(7-ring staff)                               [1;33m
[2;37;0m[1;33m[2;37;0m234ȭۡ(quanbook)                                 ʮ[1;33m
[2;37;0m[1;33m[2;37;0m235ϰҩ(baiyao)                       ʮ    ߰پʮź[1;33m
[2;37;0m[1;33m[2;37;0m236ϸС(short sword)                              ʮ[1;33m
[2;37;0m[1;33m[2;37;0m237˳ɢ(haste drug)                 ʮ              һ[1;33m
[2;37;0m[1;33m[2;37;0m238衻(dafeng)                         ʮ          ʮһ[1;33m
== δ [1;33m65%[2;37;0m == (ENTER һҳq 뿪)
[2;37;0m[1;33m[2;37;0m239[36mǾڡһ[2;37;0m(scroll)           ʮ              һ[1;33m
[2;37;0m[1;33m[2;37;0m240һͰ(majiangpai tong)                  ʮǮ              ʮ˸[1;33m
[2;37;0m[1;33m[2;37;0m241(majiangpai wan)                   ʮǮ              ʮ߸[1;33m
[2;37;0m[1;33m[2;37;0m242[36mԡϲ᡻[2;37;0m(scroll)                 ʮ              [1;33m
[2;37;0m[1;33m[2;37;0m243[30mڱ[2;37;0m(black whip)                       һ              [1;33m
[2;37;0m[1;33m[2;37;0m244[30mɴ[2;37;0m(black ribbon)                                   [1;33m
[2;37;0m[1;33m[2;37;0m245ȡ(lightstaff)                                 [1;33m
[2;37;0m[1;33m[2;37;0m246[30m[2;37;0m(black cloth)                                    ʮ[1;33m
[2;37;0m[1;33m[2;37;0m247[30mѥ[2;37;0m(black boots)                                    ˫[1;33m
[2;37;0m[1;33m[2;37;0m248[1;31m[1;33m[1;32m˿д[2;37;0m(silk)                       һʮǮ          [1;33m
[2;37;0m[1;33m[2;37;0m249ѧƪ(shu)                                    һ[1;33m
[2;37;0m[1;33m[2;37;0m250ˮͼע(book)                                     ʮ[1;33m
[2;37;0m[1;33m[2;37;0m251ҡ(big bag)                        ƽ              һ[1;33m
[2;37;0m[1;33m[2;37;0m252(tea pot)                          ʮ            [1;33m
[2;37;0m[1;33m[2;37;0m253ȡ(staff)                          ʮ            [1;33m
[2;37;0m[1;33m[2;37;0m254Ӽס(chainarmor)                     һ              ļ[1;33m
[2;37;0m[1;33m[2;37;0m255(sword)                                      ʮһ[1;33m
[2;37;0m[1;33m[2;37;0m256[32mɫɴ[31mȹ[2;37;0m(qingsha)                Ǯ                [1;33m
[2;37;0m[1;33m[2;37;0m257Ƥޡ(whip)                             Ǯ              ʮ[1;33m
[2;37;0m[1;33m[2;37;0m258Ұ˲Ρ(renshen)                        ʮ            һ[1;33m
[2;37;0m[1;33m[2;37;0m259׺(tea)                              ʮǮ              Щ[1;33m
[2;37;0m[1;33m[2;37;0m260[1;36mɫȹ[2;37;0m(long skirt)                 ʮǮ              [1;33m
[2;37;0m[1;33m[2;37;0m261[33mβߵ[2;37;0m(xiangwei shedan)                          һ[1;33m
[2;37;0m[1;33m[2;37;0m262(sword)                            Ǯ            ʮ[1;33m
[2;37;0m[1;33m[2;37;0m263(scissor)                        һ              ˰[1;33m
[2;37;0m[1;33m[2;37;0m264¡(5bag-cloth)                                 [1;33m
[2;37;0m[1;33m[2;37;0m265ɢȹ(silver skirt)               һ              һ[1;33m
[2;37;0m[1;33m[2;37;0m266[33mŷ[2;37;0m(envelope)                       ʮ              [1;33m
[2;37;0m[1;33m[2;37;0m267ʡ(bi)                                               ֧[1;33m
[2;37;0m[1;33m[2;37;0m268֡(ironfist)                         ʮ            [1;33m
[2;37;0m[1;33m[2;37;0m269ƤƵհ(tuoan)                      ʮǮ                [1;33m
[2;37;0m[1;33m[2;37;0m270[1;32m̽[2;37;0m(sword)                                          [1;33m
[2;37;0m[1;33m[2;37;0m271须(pearl)                            һƽ              һ[1;33m
[2;37;0m[1;33m[2;37;0m272ơ(staff)                                        ˸[1;33m
[2;37;0m[1;33m[2;37;0m273ȱޡ(whip)                                         [1;33m
[2;37;0m[1;33m[2;37;0m274֦(shu zhi)                                        [1;33m
[2;37;0m[1;33m[2;37;0m275Χȹ(cloth)                            ʮ              [1;33m
[2;37;0m[1;33m[2;37;0m276[36m䡤[2;37;0m(scroll)                         [1;33m
[2;37;0m[1;33m[2;37;0m277ơ(xiong)                            ʮ            һ[1;33m
[2;37;0m[1;33m[2;37;0m278ʳ(black blade)                  һ              [1;33m
== δ [1;33m76%[2;37;0m == (ENTER һҳq 뿪)
[2;37;0m[1;33m[2;37;0m279Ǵ(flying hammer)                  ʮǮ          ʮ[1;33m
[2;37;0m[1;33m[2;37;0m280[1;37mǺ⵶[2;37;0m(ice blade)                              ʮһ[1;33m
[2;37;0m[1;33m[2;37;0m281[33mľ[2;37;0m(wood shoes)                       ʮ              ˫[1;33m
[2;37;0m[1;33m[2;37;0m282(whip)                                       һ[1;33m
[2;37;0m[1;33m[2;37;0m283[1;33m[2;37;0m(spear)                                          [1;33m
[2;37;0m[1;33m[2;37;0m284[36mʮơ𾪰ɣɡ[2;37;0m(scroll)                 ˱[1;33m
[2;37;0m[1;33m[2;37;0m285(skirt)                        ʮ      ǧһ[1;33m
[2;37;0m[1;33m[2;37;0m286[36mľľɣɡ[2;37;0m(scroll)                     ʮ[1;33m
[2;37;0m[1;33m[2;37;0m287(blade)                                          [1;33m
[2;37;0m[1;33m[2;37;0m288[30m[2;37;0m(horse whip)                                 ʮ[1;33m
[2;37;0m[1;33m[2;37;0m289̨(yan tai)                          ʮ              һ[1;33m
[2;37;0m[1;33m[2;37;0m290[1;33mٵ[2;37;0m(yellowcloth)            ʮ              [1;33m
[2;37;0m[1;33m[2;37;0m291񵶡(bamboo blade)                     Ǯ                [1;33m
[2;37;0m[1;33m[2;37;0m292[1;32m[2;37;0m(daisy)                            Ǯ                [1;33m
[2;37;0m[1;33m[2;37;0m293̨(yan tai)                          ʮ              [1;33m
[2;37;0m[1;33m[2;37;0m294Ь(shoes)                            ʮǮ              ʮ˫[1;33m
[2;37;0m[1;33m[2;37;0m295͹߰ߵɮ¡(cloth)                  ʮǮ              ļ[1;33m
[2;37;0m[1;33m[2;37;0m296޲ɮ¡(monk clothes)             ʮǮ                [1;33m
[2;37;0m[1;33m[2;37;0m297С(iron sword)                                   [1;33m
[2;37;0m[1;33m[2;37;0m298ڡ(dart)                             һ              һ[1;33m
[2;37;0m[1;33m[2;37;0m299ӡ(ball)                         ʮǮ                [1;33m
[2;37;0m[1;33m[2;37;0m300Ȳ衻(tea)                          Ǯ                [1;33m
[2;37;0m[1;33m[2;37;0m301[37mɫ[2;37;0m(white cloth)                  ʮ              [1;33m
[2;37;0m[1;33m[2;37;0m302(sword)                                        ʮŰ[1;33m
[2;37;0m[1;33m[2;37;0m303ۺ(pink cloth)                     ʮǮ              һ[1;33m
[2;37;0m[1;33m[2;37;0m304ľ(staff)                                          [1;33m
[2;37;0m[1;33m[2;37;0m305[1;32mַ[2;37;0m(cloth)                          ʮ              [1;33m
[2;37;0m[1;33m[2;37;0m306潣(sword)                                        [1;33m
[2;37;0m[1;33m[2;37;0m307ì(spear)                                          [1;33m
[2;37;0m[1;33m[2;37;0m308ޡ(whip)                           ʮ            [1;33m
[2;37;0m[1;33m[2;37;0m309ֲɮ¡(monk clothes)             һ      һһʮż[1;33m
[2;37;0m[1;33m[2;37;0m310[1;36mٺϻ[2;37;0m(lily)                           Ǯ                һ[1;33m
[2;37;0m[1;33m[2;37;0m311̶(yandou)                                         һ֧[1;33m
[2;37;0m[1;33m[2;37;0m312ߡӡ(lighter)                        ʮǮ              [1;33m
[2;37;0m[1;33m[2;37;0m313βƤ(hide)                                     [1;33m
[2;37;0m[1;33m[2;37;0m314Žرޡ(whip)                                         [1;33m
[2;37;0m[1;33m[2;37;0m315ţޡ(whip)                                         [1;33m
[2;37;0m[1;33m[2;37;0m316(liu cloth)                        һ              [1;33m
[2;37;0m[1;33m[2;37;0m317(book)                             ʮǮ              ı[1;33m
[2;37;0m[1;33m[2;37;0m318[31mͭľ[2;37;0m(copper plate)                             ߿[1;33m
== δ [1;33m87%[2;37;0m == (ENTER һҳq 뿪)
[2;37;0m[1;33m[2;37;0m319߲𶾵Ľҩ(bat drug)                           [1;33m
[2;37;0m[1;33m[2;37;0m320Ƥġ(furcloth)                   ʮ              ż[1;33m
[2;37;0m[1;33m[2;37;0m321Ƥﻤۡ(leather sleeves)              ʮǮ              һֻ[1;33m
[2;37;0m[1;33m[2;37;0m322ͷ(wolf blade)                     Ǯ            ʮһ[1;33m
[2;37;0m[1;33m[2;37;0m323[37mѩ֥[2;37;0m(xuezhi)                           ʮ      һ[1;33m
[2;37;0m[1;33m[2;37;0m324Ƥ硻(wolf pifeng)                            ʮ[1;33m
[2;37;0m[1;33m[2;37;0m325վ(jinbook)                      ʮǮ              [1;33m
[2;37;0m[1;33m[2;37;0m326[1;31m[2;37;0m(cloth)                        һ              [1;33m
[2;37;0m[1;33m[2;37;0m327ڹķ(neibook)                                  ʮ[1;33m
[2;37;0m[1;33m[2;37;0m328һȡ(one-ring staff)                             [1;33m
[2;37;0m[1;33m[2;37;0m329֮(yangbook)                                   ˱[1;33m
[2;37;0m[1;33m[2;37;0m330[33m[2;37;0m(bear palm)                                      ֻ[1;33m
[2;37;0m[1;33m[2;37;0m331˹ȹ(cotton skirt)                             [1;33m
[2;37;0m[1;33m[2;37;0m332˿ҡ(small bag)                      ʮ        ʮ[1;33m
[2;37;0m[1;33m[2;37;0m333(book)                             ʮǮ              ı[1;33m
[2;37;0m[1;33m[2;37;0m334ߡȡ(zheshan)                                      ʮ[1;33m
[2;37;0m[1;33m[2;37;0m335ȱ󴸡(hammer)                         ʮƽ            һ[1;33m
[2;37;0m[1;33m[2;37;0m336С¯(kaolu)                      Ǯ                [1;33m
[2;37;0m[1;33m[2;37;0m337Сվ(jinbook)                      ʮǮ              [1;33m
[2;37;0m[1;33m[2;37;0m338󼦵(egg)                                        һ[1;33m
[2;37;0m[1;33m[2;37;0m339ɫϸ롻(needle)                     ʮǮ              ֧[1;33m
[2;37;0m[1;33m[2;37;0m340(sword)                        ʮ        ʮһ[1;33m
[2;37;0m[1;33m[2;37;0m341[35m޳[2;37;0m(lady dress)                                 [1;33m
[2;37;0m[1;33m[2;37;0m342[34mϻ[2;37;0m(blueskirt)                  ʮ          ʮ[1;33m
[2;37;0m[1;33m[2;37;0m343λ(peanut)                       һ            ʮ[1;33m
[2;37;0m[1;33m[2;37;0m344[1;32mȹ[2;37;0m(huaskirt)               ʮ              [1;33m
[2;37;0m[1;33m[2;37;0m345[30mͷŵ[2;37;0m(duanmen blade)              һ            ʮ[1;33m
[2;37;0m[1;33m[2;37;0m346ɢ(pill)                           һƽ      ʮ߰[1;33m
[2;37;0m[1;33m[2;37;0m347[1;32mˮ[2;37;0m(green crystal)                                [1;33m
[2;37;0m[1;33m[2;37;0m348[31m[2;37;0m(redskirt)                     ʮ            ʮż[1;33m
[2;37;0m[1;33m[2;37;0m349[32mȹ[2;37;0m(greenskirt)                   ʮ          ʮż[1;33m
[2;37;0m[1;33m[2;37;0m350[36mѪսǹʯɣɡ[2;37;0m(scroll)                   [1;33m
[2;37;0m[1;33m[2;37;0m351[1;32m´[2;37;0m(sword)                          һ              İ[1;33m
[2;37;0m[1;33m[2;37;0m352[1;37mµ[2;37;0m(cloth)                          һ              [1;33m
[2;37;0m[1;33m[2;37;0m353[1;31mյ[2;37;0m(zhaodan sword)                                  һ[1;33m
[2;37;0m[1;33m[2;37;0m354[36m֯װ[2;37;0m(silk cloth)                             ʮ[1;33m
[2;37;0m[1;33m[2;37;0m355ѩ¡(icy cloth)                              ʮһ[1;33m
[2;37;0m[1;33m[2;37;0m356[36m¡ϲ᡻[2;37;0m(scroll)                 ʮ              һ[1;33m
[2;37;0m[1;33m[2;37;0m357Ƥޡ(whip)                                         ʮ[1;33m
[2;37;0m[1;33m[2;37;0m358[1;37mƤ[2;37;0m(foxfur)                         ʮ            ʮ[1;33m
== δ [1;33m98%[2;37;0m == (ENTER һҳq 뿪)
[2;37;0m[1;33m[2;37;0m359[1;37mɫװ[2;37;0m(gongqun)                      Ǯ                [1;33m
[2;37;0m[1;33m[2;37;0m360[37mɵ[2;37;0m(cloth)                          ʮ              ߼[1;33m
[2;37;0m[1;33m[2;37;0m361[31mͭľ[2;37;0m(copper plate)                             ߿[1;33m
[2;37;0m[1;33m[2;37;0m362ϳۡ(purple cloth)                   ʮǮ            ʮ[1;33m
[2;37;0m[1;33m[2;37;0m363Ӿ(swimmingbook)                 һ              [1;33m
[2;37;0m[1;33m
[2;37;0m
[1m[ʱݴѶϢ]
[2;37;0mǰס֣Ц˵λСʦϴʱߴͣӢˣ
> 
[0m[0m
[0m0[0m

ԷûҪĶ
> 
û
> 
û
> 
[1;37m[2;37;0m
    Եĳ [1mwestnortheast[2;37;0m  [1msouth[2;37;0m
  [1;32mִ[2;37;0m С(Little fatman)
[1;37m[2;37;0m
    Եĳ [1mnorthwesteast[2;37;0m  [1msouth[2;37;0m
  [1;32m꺮[2;37;0m (Gu song)
[1;37m̳[2;37;0m
    Եĳ [1mnorthwesteast[2;37;0m  [1msouth[2;37;0m

    Եĳ [1mwestnortheastup[2;37;0m  [1msouth[2;37;0m
  [1;36mװ[2;37;0m(Fengyun bingzhuangpu)
  [32mĦ[2;37;0m(Stone) [ 177 ԣ177 δ ]
> 
[1;31m[2;37;0m
> 
[36mʮ˫ֱȭ˸ҾλӢˣ
[2;37;0m[36mʮ˫ֱȭ˸ҾλӢˣ
[2;37;0mû
> 
㸽û
> 
û
> 
û[1;32m[2;37;0mƷ
ʽƷ
> 
ʲô
> 
[36m˫ֱȭ˸ҾλӢˣ
[2;37;0m[36mԵ˫ֱȭ˸ҾλӢˣ
[2;37;0m[36mؤĿ⣬ҹΣһ꾫ӡ
[2;37;0m[36mس : ǣǣÿϹæ~~~
[2;37;0m[36mû˫ֱȭ˸ҾλӢˣ
[2;37;0mţҧ˼ڡ
ؤţƤƴغ˼ˮ
ؤţҧ˼ڡ
[36mʮ˫ֱȭ˸ҾλӢˣ
[2;37;0m[36mʮ˫ֱȭ˸ҾλӢˣ
[2;37;0m[36mؤĿ⣬ҹΣһ꾫ӡ
[2;37;0m[36mʮ˫ֱȭ˸ҾλӢˣ
[2;37;0m[36mʮ˫ֱȭ˸ҾλӢˣ
[2;37;0m[36mʮ˫ֱȭ˸ҾλӢˣ
[2;37;0m[36mʮ˫ֱȭ˸ҾλӢˣ
[2;37;0m[36mʮ˫ֱȭ˸ҾλӢˣ
[2;37;0m[36mʮ˫ֱȭ˸ҾλӢˣ
[2;37;0m[36mʮ˫ֱȭ˸ҾλӢˣ
[2;37;0m[36mʮ˫ֱȭ˸ҾλӢˣ
[2;37;0m[36mʮ˫ֱȭ˸ҾλӢˣ
[2;37;0m[36mʮ˫ֱȭ˸ҾλӢˣ
[2;37;0m[36mس : ǣǣÿϹæ~~~
[36mͨ˫ֱȭ˸ҾλӢˣ
[2;37;0m߿߿С˵Щ
ͣͣʼ߿һж
ȥʼ߿һж
ͣͣʼ߿һж
ȥʼ߿һж
߿߿ʼ߿һж
[36mǼװĵؽԼظ¶һǡ  
[2;37;0m[36mһ˫ֱȭ˸ҾλӢˣ
[2;37;0m߿߿С˵Щ
ͣͣʼ߿һж
ȥʼ߿һж
ȥʼ߿һж
ͣͣʼ߿һж
߿߿ʼ߿һж
[2;37;0m[36m£ǺǣɵЦ˼
[2;37;0m[36mɶ˫ֱȭ˸ҾλӢˣ
[2;37;0m[36m˫ֱȭ˸ҾλӢˣ
[2;37;0m[36m꣢ǺǣɵЦ˼
[2;37;0mȥ߿С˵Щ
[36m˫ֱȭ˸ҾλӢˣ
[2;37;0m[36m˫ֱȭ˸ҾλӢˣ
[2;37;0m[36m˫ֱȭ˸ҾλӢˣ
[2;37;0m[36mƻһ˫ֱȭ˸ҾλӢˣ
[2;37;0m[36mƻ˫ֱȭ˸ҾλӢˣ
[36mƻ˫ֱȭ˸ҾλӢˣ
[2;37;0m[36mʮ˫ֱȭ˸ҾλӢˣ
[2;37;0m[36mʮ˫ֱȭ˸ҾλӢˣ
[2;37;0m[36mʮ˫ֱȭ˸ҾλӢˣ
[2;37;0m[36mʮ˫ֱȭ˸ҾλӢˣ
[2;37;0m[36mʮ˫ֱȭ˸ҾλӢˣ
[2;37;0m[36mʮ˫ֱȭ˸ҾλӢˣ
[2;37;0m[36mʮ˫ֱȭ˸ҾλӢˣ
[2;37;0m[36mʮ˫ֱȭ˸ҾλӢˣ
[2;37;0m[36m[36mȴָ̬
[2;37;0m[36mƻ˫ֱȭ˸ҾλӢˣ
[36mƻ˫ֱȭ˸ҾλӢˣ
[2;37;0m[36mеش˫ֱȭ˸ҾλӢˣ
[2;37;0m[36mƻ˫ֱȭ˸ҾλӢˣ
[2;37;0m[36m˫ֱȭ˸ҾλӢˣ
[2;37;0m[36mԵ˫ֱȭ˸ҾλӢˣ
[36mʮ˫ֱȭ˸ҾλӢˣ
[2;37;0m[36mؤĿ⣬ҹΣһ꾫ӡ
[36mʮ˫ֱȭ˸ҾλӢˣ
[2;37;0m[36mس : ǣǣÿϹæ~~~
[2;37;0m[36mû˫ֱȭ˸ҾλӢˣ
[2;37;0m[36mͨ˫ֱȭ˸ҾλӢˣ
[2;37;0m[37mʶܿҪʧЧˡ
[2;37;0m[36mһ˫ֱȭ˸ҾλӢˣ
[2;37;0m[33mʶʧЧˣ
[2;37;0m[36mɶ˫ֱȭ˸ҾλӢˣ
[2;37;0m[36m˫ֱȭ˸ҾλӢˣ
[2;37;0m[36mװĵؽԼظ¶һǡ
[2;37;0m> 
[36m˫ֱȭ˸ҾλӢˣ
[2;37;0m[36mؤװĵؽԼظ¶һǡ  
[2;37;0m[36m˫ֱȭ˸ҾλӢˣ
[2;37;0m[36m˫ֱȭ˸ҾλӢˣ
[36mʮ˫ֱȭ˸ҾλӢˣ
[2;37;0m[36mʮ˫ֱȭ˸ҾλӢˣ
[2;37;0m[36mʮ˫ֱȭ˸ҾλӢˣ
[2;37;0m[36mʮ˫ֱȭ˸ҾλӢˣ
[2;37;0m[36mʮ˫ֱȭ˸ҾλӢˣ
[2;37;0m[36mʮ˫ֱȭ˸ҾλӢˣ
[2;37;0m[36mʮ˫ֱȭ˸ҾλӢˣ
[2;37;0m[36mʮ˫ֱȭ˸ҾλӢˣ
[2;37;0m޽ݸ[1;33m[2;37;0mһ
[36mƻһ˫ֱȭ˸ҾλӢˣ
[2;37;0m[36mƻ˫ֱȭ˸ҾλӢˣ
[36mƻ˫ֱȭ˸ҾλӢˣ
[2;37;0m[36mǼװĵؽԼظ¶һǡ  
[2;37;0m[36mƻ˫ֱȭ˸ҾλӢˣ
[2;37;0m[36mƻ˫ֱȭ˸ҾλӢˣ
[2;37;0m[36mеش˫ֱȭ˸ҾλӢˣ
[2;37;0m[36mƻ˫ֱȭ˸ҾλӢˣ
[36mʮ˫ֱȭ˸ҾλӢˣ
[2;37;0m[36mʮ˫ֱȭ˸ҾλӢˣ
[2;37;0m[36mʮ˫ֱȭ˸ҾλӢˣ
[2;37;0m[36mʮ˫ֱȭ˸ҾλӢˣ
[2;37;0m[36mʮ˫ֱȭ˸ҾλӢˣ
[2;37;0m[36mʮ˫ֱȭ˸ҾλӢˣ
[2;37;0m[36mʮ˫ֱȭ˸ҾλӢˣ
[2;37;0m[36mʮ˫ֱȭ˸ҾλӢˣ
[36m˫ֱȭ˸ҾλӢˣ
[36mʮ˫ֱȭ˸ҾλӢˣ
[2;37;0m[36mʮ˫ֱȭ˸ҾλӢˣ
[2;37;0m[36mԵ˫ֱȭ˸ҾλӢˣ
[36mû˫ֱȭ˸ҾλӢˣ
[2;37;0m[1;36mġʦ(Auctioneer)11[37mͷɴ[2;37;0m(Veil)Ӧˣ ߿(Roam) Ʒ(1)

[2;37;0m[36mͨ˫ֱȭ˸ҾλӢˣ
[2;37;0m߻ص硣
[36mһ˫ֱȭ˸ҾλӢˣ
[2;37;0m߻ص硣
[36mɶ˫ֱȭ˸ҾλӢˣ
[2;37;0m[36m˫ֱȭ˸ҾλӢˣ
[2;37;0m[0;37ml[0m
[1;31m[2;37;0m - 
    ĦʯһǷƳ֡Ҳĵط
ԭֻһͨͨС¥Դһһͨͨͷһ
ȫˣµС̽۰ķϹٽ磬Ҳǹ
Ϊǰһˣߣ
Χɫʿ鶼[0;37mquest[0;32mš

  	Ұ [0;1;33m[0;32m(Tian ji)

    Ψһĳ [1mdown[2;37;0m
  ѩɽׯ [37m[2;37;0m    [1;32m󽭶ȥ[1;33mǧŽɽ[2;37;0mȥ(Flyy)[1;35m <>[2;37;0m[37m < ׶ >t[2;37;0m[37m(LV139)[2;37;0m
  ѩɽׯ [37m[2;37;0m    [1;32m󽭶ȥ[1;33mǧŽɽ[2;37;0mȥ(Flyx)[1;35m <>[2;37;0m[37m < ׶ >t[2;37;0m[37m(LV138)[2;37;0m
   [33m»[2;37;0m  [1;32m󽭶ȥ[1;33mǧŽɽ[2;37;0mͣͣ(Ztzt)[1;35m <>[2;37;0m[37m < ׶ >t[2;37;0m[37m(LV139)[2;37;0m
   [33m»[2;37;0m  [1;32m󽭶ȥ[1;33mǧŽɽ[2;37;0mͣͣ(Zztt)[1;35m <>[2;37;0m[37m < ׶ >t[2;37;0m[37m(LV135)[2;37;0m
  ˹ [33m[2;37;0m[1;32m󽭶ȥ[1;33mǧŽɽ[2;37;0m߿߿(Zkzk)[37m < ׶ >t[2;37;0m[37m(LV135)[2;37;0m
  ˹ [33m[2;37;0m[1;32m󽭶ȥ[1;33mǧŽɽ[2;37;0m߿(Roam)[37m < ׶ >t[2;37;0m[37m(LV135)[2;37;0m
  [1;31mǮ*ѱһ[2;37;0m [33mСС[2;37;0m(Xxl)[37m(LV11)[2;37;0m
  ɽ С (Lykos)[37m < ˰ >t[2;37;0m[37m(LV31)[2;37;0m
  [1;31mǮ*ѱһ[2;37;0m [1;33mССؤ[2;37;0m(Xxg)[37m(LV13)[2;37;0m
  ؤ  ؤ(Gypsy)[1;35m <>[2;37;0m[37m < ˰ >t[2;37;0m[37m(LV31)[2;37;0m
  ¹  (Zzhy)[37m < ݼҰ >t[2;37;0m[37m(LV111)[2;37;0m
  ɽׯ [36mǹ[2;37;0m (Zzfg)[37m < ݼҰ >t[2;37;0m[37m(LV111)[2;37;0m
  ѩɽׯ  û(Noway)[37m < Ұ >t[2;37;0m[37m(LV86)[2;37;0m
   ʹ ͨ(Putongfy)[37m < Ұ >t[2;37;0m[37m(LV86)[2;37;0m
  ˹ ޺ еش(Mzone)[37m < Ұ >t[2;37;0m[37m(LV86)[2;37;0m
  ɽׯ ʿ (Vpn)[37m < Ұ >t[2;37;0m[37m(LV86)[2;37;0m
   Ժ Ե(Ali)[37m < Ұ >t[2;37;0m[37m(LV86)[2;37;0m
  幬  һ(Ipada)[37m < ΢Ұ >t[2;37;0m[37m(LV90)[2;37;0m
  幬  (Ipadc)[37m < ΢Ұ >t[2;37;0m[37m(LV90)[2;37;0m
  幬  (Ipadd)[1;35m <>[2;37;0m[37m < ΢Ұ >t[2;37;0m[37m(LV90)[2;37;0m
  幬  ɶ(Ipadb)[37m < ΢Ұ >t[2;37;0m[37m(LV90)[2;37;0m
  幬  (Ipade)[1;35m <>[2;37;0m[37m < ΢Ұ >t[2;37;0m[37m(LV90)[2;37;0m
  幬  (Ipadf)[1;35m <>[2;37;0m[37m < ΢Ұ >t[2;37;0m[37m(LV90)[2;37;0m
   ͯ ƻ(Iphoneb)[1;35m <>[2;37;0m[37m < Ұ >t[2;37;0m[37m(LV86)[2;37;0m
   ͯ ƻ(Iphonec)[37m < Ұ >t[2;37;0m[37m(LV86)[2;37;0m
   ͯ ƻһ(Iphonea)[1;35m <>[2;37;0m[37m < Ұ >t[2;37;0m[37m(LV86)[2;37;0m
   ͯ ƻ(Iphoned)[37m < Ұ >t[2;37;0m[37m(LV86)[2;37;0m
   ͯ ƻ(Iphonee)[37m < Ұ >t[2;37;0m[37m(LV86)[2;37;0m
   ͯ ƻ(Iphonef)[37m < Ұ >t[2;37;0m[37m(LV86)[2;37;0m
   ޺ ʮ(Foxpro)[37m(LV9)[2;37;0m
  ͢  ʮ(Foxbase)[37m(LV20)[2;37;0m
  Ұ [1;33m[2;37;0m(Tian ji)[37m(LV194)[2;37;0m
> [0;37mtq[0m
[33mǣEXqq
[2;37;0m> 
[33mؤEXqq
[2;37;0m> 
[36mؤĿ⣬ҹΣһ꾫ӡ
[2;37;0m[36mس : ǣǣÿϹæ~~~
[2;37;0m[36mջˡ
[2;37;0m> 
[37m  ڵ: ÷ɽׯȥ[1;31mѰ[2;37;0m[37m[2;37;0mս[2;37;0m[37mְ
[37m ؤ ڵ: ȥ[1;31mɱ[2;37;0m[37m[2;37;0m[2;37;0m[37mְ
[37mڵ: ˼ȥ[1;31mѰ[2;37;0m[37m[2;37;0m[1;32m[2;37;0m[2;37;0m[37mְ
[2;37;0m> [0;37mskills[0m
[37mļܱܹ21                       

[2;37;0m[44m[1;33m֪ʶ  7 [2;37;0m
    ˷(buddhism)                      [1;36m [2;37;0m[33mС[2;37;0m    100/            0
    ռѧ(foreknowledge)                   [1;36m [2;37;0m[1;34mž[2;37;0m     21/            0
    ʶ(literate)                      [1;36m [2;37;0m[33mС[2;37;0m    100/            0
    (magic)                             [1;36m [2;37;0m[35m֪һ[2;37;0m     41/            0
    (spells)                            [1;36m [2;37;0m[1;34mž[2;37;0m     21/            0
    Ӿ֮(swimming)                  [1;36m [2;37;0m[35m֪һ[2;37;0m     51/            0
    (zen)                               [1;36m [2;37;0m[1;34mž[2;37;0m     36/            0

[42m[1;33m书  7 [2;37;0m
    Ծ֮(dodge)                     [1;36m [2;37;0m[34mѧէ[2;37;0m     75/            0
    ڹķ(force)                         [1;36m [2;37;0m[1;34mž[2;37;0m    100/            0
    (iron-cloth)                      [1;36m [2;37;0m[1;34mž[2;37;0m    100/            0
    Ṧ(move)                          [1;36m [2;37;0m[34mǿǿ[2;37;0m     80/            0
    ж֮(parry)                     [1;36m [2;37;0m[34mѧէ[2;37;0m     75/            0
    ȷ(staff)                         [1;36m [2;37;0m[34m[2;37;0m     31/            0
    ˻֮(unarmed)                   [1;36m [2;37;0m[34mѧէ[2;37;0m     60/            0

[46m[1;33m书  7 ֡[2;37;0m
  [1;35m[41m[1;33m[2;37;0mȷ (cloudstaff)                   [1;36m [2;37;0m[34mǿǿ[2;37;0m     98/         9802
  [41m[1;33m[2;37;0mǧҶƷ (dabei-strike)             [1;36m [2;37;0m[1;34mž[2;37;0m    100/            7
  [41m[1;33m[2;37;0mʶͨ (essencemagic)                 [1;36m [2;37;0m[1;34mž[2;37;0m    100/            0
  [41m[1;33m[2;37;0mķ (lotusforce)                   [1;36m [2;37;0m[1;34mž[2;37;0m    101/            0
  [41m[1;33m[2;37;0m޳ (nodust-steps)                 [1;36m [2;37;0m[1;34mž[2;37;0m    100/           11
    ղ (puti-steps)               [1;36m [2;37;0m[34m[2;37;0m     36/            0
    Сľ (xiaochengforce)               [1;36m [2;37;0m[34m[2;37;0m     36/            0

> [0;37mhp[0m
 [1;32m 1757/  1757 [1;32m(100%)[2;37;0m    ʳ[1;33m 71%
[2;37;0m Ѫ[1;32m 2412/  2412 [1;32m(100%)[2;37;0m    ˮ[1;33m 71%
[2;37;0m [1;32m 1237/  1237 [1;32m(100%)[1;37m    ۡ 541
[2;37;0m [1;36m  750/   375 (  54)[1;31m    ɱ 355
[2;37;0m [1;36m 1342/   671 (  57)[1;32m    Ǳܡ 34966
[2;37;0m [1;36m  230/   115 (   0)[1;35m    ȼ 31 13.7
[2;37;0m [1;32m  100/   100           0/   5 
[2;37;0m> [0;37mskills[0m
[37mļܱܹ21                       

[2;37;0m[44m[1;33m֪ʶ  7 [2;37;0m
    ˷(buddhism)                      [1;36m [2;37;0m[33mС[2;37;0m    100/            0
    ռѧ(foreknowledge)                   [1;36m [2;37;0m[1;34mž[2;37;0m     21/            0
    ʶ(literate)                      [1;36m [2;37;0m[33mС[2;37;0m    100/            0
    (magic)                             [1;36m [2;37;0m[35m֪һ[2;37;0m     41/            0
    (spells)                            [1;36m [2;37;0m[1;34mž[2;37;0m     21/            0
    Ӿ֮(swimming)                  [1;36m [2;37;0m[35m֪һ[2;37;0m     51/            0
    (zen)                               [1;36m [2;37;0m[1;34mž[2;37;0m     36/            0

[42m[1;33m书  7 [2;37;0m
    Ծ֮(dodge)                     [1;36m [2;37;0m[34mѧէ[2;37;0m     75/            0
    ڹķ(force)                         [1;36m [2;37;0m[1;34mž[2;37;0m    100/            0
    (iron-cloth)                      [1;36m [2;37;0m[1;34mž[2;37;0m    100/            0
    Ṧ(move)                          [1;36m [2;37;0m[34mǿǿ[2;37;0m     80/            0
    ж֮(parry)                     [1;36m [2;37;0m[34mѧէ[2;37;0m     75/            0
    ȷ(staff)                         [1;36m [2;37;0m[34m[2;37;0m     31/            0
    ˻֮(unarmed)                   [1;36m [2;37;0m[34mѧէ[2;37;0m     60/            0

[46m[1;33m书  7 ֡[2;37;0m
  [1;35m[41m[1;33m[2;37;0mȷ (cloudstaff)                   [1;36m [2;37;0m[34mǿǿ[2;37;0m     98/         9802
  [41m[1;33m[2;37;0mǧҶƷ (dabei-strike)             [1;36m [2;37;0m[1;34mž[2;37;0m    100/            7
  [41m[1;33m[2;37;0mʶͨ (essencemagic)                 [1;36m [2;37;0m[1;34mž[2;37;0m    100/            0
  [41m[1;33m[2;37;0mķ (lotusforce)                   [1;36m [2;37;0m[1;34mž[2;37;0m    101/            0
  [41m[1;33m[2;37;0m޳ (nodust-steps)                 [1;36m [2;37;0m[1;34mž[2;37;0m    100/           11
    ղ (puti-steps)               [1;36m [2;37;0m[34m[2;37;0m     36/            0
    Сľ (xiaochengforce)               [1;36m [2;37;0m[34m[2;37;0m     36/            0

> 
[36m˫ֱȭ˸ҾλӢˣ
[2;37;0m[36m˫ֱȭ˸ҾλӢˣ
[2;37;0m[1;35mҥԡĳˣ˵[2;37;0m[1;33m[2;37;0m[1;35mƹضӢšǰδĿ

[2;37;0m[36m˫ֱȭ˸ҾλӢˣ
[36mʮ˫ֱȭ˸ҾλӢˣ
[2;37;0m[36mʮ˫ֱȭ˸ҾλӢˣ
[2;37;0m[36mƻһ˫ֱȭ˸ҾλӢˣ
[2;37;0m[0;37ml[0m
[1;31m[2;37;0m - 
    ĦʯһǷƳ֡Ҳĵط
ԭֻһͨͨС¥Դһһͨͨͷһ
ȫˣµС̽۰ķϹٽ磬Ҳǹ
Ϊǰһˣߣ
Χɫʿ鶼[0;37mquest[0;32mš

  	Ұ [0;1;33m[0;32m(Tian ji)

    Ψһĳ [1mdown[2;37;0m
  ˹ ɮ ᵶ(Hdo)[37m(LV44)[2;37;0m
  ѩɽׯ [37m[2;37;0m    [1;32m󽭶ȥ[1;33mǧŽɽ[2;37;0mȥ(Flyy)[37m < ׶ >t[2;37;0m[37m(LV139)[2;37;0m
  ѩɽׯ [37m[2;37;0m    [1;32m󽭶ȥ[1;33mǧŽɽ[2;37;0mȥ(Flyx)[37m < ׶ >t[2;37;0m[37m(LV138)[2;37;0m
   [33m»[2;37;0m  [1;32m󽭶ȥ[1;33mǧŽɽ[2;37;0mͣͣ(Ztzt)[37m < ׶ >t[2;37;0m[37m(LV139)[2;37;0m
   [33m»[2;37;0m  [1;32m󽭶ȥ[1;33mǧŽɽ[2;37;0mͣͣ(Zztt)[37m < ׶ >t[2;37;0m[37m(LV135)[2;37;0m
  ˹ [33m[2;37;0m[1;32m󽭶ȥ[1;33mǧŽɽ[2;37;0m߿߿(Zkzk)[1;35m <>[2;37;0m[37m < ׶ >t[2;37;0m[37m(LV135)[2;37;0m
  ˹ [33m[2;37;0m[1;32m󽭶ȥ[1;33mǧŽɽ[2;37;0m߿(Roam)[1;35m <>[2;37;0m[37m < ׶ >t[2;37;0m[37m(LV135)[2;37;0m
  [1;31mǮ*ѱһ[2;37;0m [33mСС[2;37;0m(Xxl)[37m(LV11)[2;37;0m
  ɽ С (Lykos)[37m < ˰ >t[2;37;0m[37m(LV31)[2;37;0m
  [1;31mǮ*ѱһ[2;37;0m [1;33mССؤ[2;37;0m(Xxg)[37m(LV13)[2;37;0m
  ؤ  ؤ(Gypsy)[37m < ˰ >t[2;37;0m[37m(LV31)[2;37;0m
  ¹  (Zzhy)[37m < ݼҰ >t[2;37;0m[37m(LV111)[2;37;0m
  ɽׯ [36mǹ[2;37;0m (Zzfg)[37m < ݼҰ >t[2;37;0m[37m(LV111)[2;37;0m
  ѩɽׯ  û(Noway)[37m < Ұ >t[2;37;0m[37m(LV86)[2;37;0m
   ʹ ͨ(Putongfy)[37m < Ұ >t[2;37;0m[37m(LV86)[2;37;0m
  ˹ ޺ еش(Mzone)[1;35m <>[2;37;0m[37m < Ұ >t[2;37;0m[37m(LV86)[2;37;0m
  ɽׯ ʿ (Vpn)[1;35m <>[2;37;0m[37m < Ұ >t[2;37;0m[37m(LV86)[2;37;0m
   Ժ Ե(Ali)[37m < Ұ >t[2;37;0m[37m(LV86)[2;37;0m
  幬  һ(Ipada)[37m < ΢Ұ >t[2;37;0m[37m(LV90)[2;37;0m
  幬  (Ipadc)[37m < ΢Ұ >t[2;37;0m[37m(LV90)[2;37;0m
  幬  (Ipadd)[37m < ΢Ұ >t[2;37;0m[37m(LV90)[2;37;0m
  幬  ɶ(Ipadb)[37m < ΢Ұ >t[2;37;0m[37m(LV90)[2;37;0m
  幬  (Ipade)[37m < ΢Ұ >t[2;37;0m[37m(LV90)[2;37;0m
  幬  (Ipadf)[37m < ΢Ұ >t[2;37;0m[37m(LV90)[2;37;0m
   ͯ ƻ(Iphoneb)[1;35m <>[2;37;0m[37m < Ұ >t[2;37;0m[37m(LV86)[2;37;0m
   ͯ ƻ(Iphonec)[1;35m <>[2;37;0m[37m < Ұ >t[2;37;0m[37m(LV86)[2;37;0m
   ͯ ƻһ(Iphonea)[37m < Ұ >t[2;37;0m[37m(LV86)[2;37;0m
   ͯ ƻ(Iphoned)[1;35m <>[2;37;0m[37m < Ұ >t[2;37;0m[37m(LV86)[2;37;0m
   ͯ ƻ(Iphonee)[1;35m <>[2;37;0m[37m < Ұ >t[2;37;0m[37m(LV86)[2;37;0m
   ͯ ƻ(Iphonef)[1;35m <>[2;37;0m[37m < Ұ >t[2;37;0m[37m(LV86)[2;37;0m
   ޺ ʮ(Foxpro)[37m(LV9)[2;37;0m
  ͢  ʮ(Foxbase)[37m(LV20)[2;37;0m
  Ұ [1;33m[2;37;0m(Tian ji)[37m(LV194)[2;37;0m
> [0;37mqq[0m
[36mջˡ
[2;37;0m> 
[37m  ڵ: ÷ɽׯȥ[1;31mѰ[2;37;0m[37m[2;37;0mս[2;37;0m[37mʮ
[37m ؤ ڵ: ȥ[1;31mɱ[2;37;0m[37m[2;37;0m[2;37;0m[37mʮ
[37mڵ: ˼ȥ[1;31mѰ[2;37;0m[37m[2;37;0m[1;32m[2;37;0m[2;37;0m[37mʮ
[2;37;0m> [0;37mtq[0m
[33mǣEXqq
[2;37;0m> 
[33mؤEXqq
[2;37;0m> 
[36mس : ǣǣÿϹæ~~~
[2;37;0m[36mؤĿ⣬ҹΣһ꾫ӡ
[2;37;0m[36mջˡ
[2;37;0m> 
[37m  ڵ: ÷ɽׯȥ[1;31mѰ[2;37;0m[37m[2;37;0mս[2;37;0m[37mʮ
[37m ؤ ڵ: ȥ[1;31mɱ[2;37;0m[37m[2;37;0m[2;37;0m[37mʮ
[37mڵ: ˼ȥ[1;31mѰ[2;37;0m[37m[2;37;0m[1;32m[2;37;0m[2;37;0m[37mʮ
[2;37;0m> 
[36mƻ˫ֱȭ˸ҾλӢˣ
[36m£ǺǣɵЦ˼
[2;37;0m[36mƻ˫ֱȭ˸ҾλӢˣ
[2;37;0m[36mƻ˫ֱȭ˸ҾλӢˣ
[2;37;0m[36m꣢ǺǣɵЦ˼
[2;37;0m[36mƻ˫ֱȭ˸ҾλӢˣ
[2;37;0m[36mеش˫ֱȭ˸ҾλӢˣ
[2;37;0m[36mƻ˫ֱȭ˸ҾλӢˣ
[2;37;0m[36mװĵؽԼظ¶һǡ
[2;37;0m> 
[36mؤװĵؽԼظ¶һǡ  
[2;37;0m[36m˫ֱȭ˸ҾλӢˣ
[2;37;0m[36mԵ˫ֱȭ˸ҾλӢˣ
[2;37;0m[36mû˫ֱȭ˸ҾλӢˣ
[2;37;0m[36mͨ˫ֱȭ˸ҾλӢˣ
[2;37;0m[1;36mġ[1;33m[2;37;0m(Tian ji)[1;31mӿرɫ︴գӢ۱[0;32m
[2;37;0m[1;31m[2;37;0m - 
    ĦʯһǷƳ֡Ҳĵط
ԭֻһͨͨС¥Դһһͨͨͷһ
ȫˣµС̽۰ķϹٽ磬Ҳǹ
Ϊǰһˣߣ
Χɫʿ鶼[0;37mquest[0;32mš

  	Ұ [0;1;33m[0;32m(Tian ji)

    Ψһĳ [1mdown[2;37;0m
  ˹ ɮ ᵶ(Hdo)[37m(LV44)[2;37;0m
  ѩɽׯ [37m[2;37;0m    [1;32m󽭶ȥ[1;33mǧŽɽ[2;37;0mȥ(Flyy)[37m < ׶ >t[2;37;0m[37m(LV139)[2;37;0m
  ѩɽׯ [37m[2;37;0m    [1;32m󽭶ȥ[1;33mǧŽɽ[2;37;0mȥ(Flyx)[37m < ׶ >t[2;37;0m[37m(LV138)[2;37;0m
   [33m»[2;37;0m  [1;32m󽭶ȥ[1;33mǧŽɽ[2;37;0mͣͣ(Ztzt)[37m < ׶ >t[2;37;0m[37m(LV139)[2;37;0m
   [33m»[2;37;0m  [1;32m󽭶ȥ[1;33mǧŽɽ[2;37;0mͣͣ(Zztt)[1;35m <>[2;37;0m[37m < ׶ >t[2;37;0m[37m(LV135)[2;37;0m
  ˹ [33m[2;37;0m[1;32m󽭶ȥ[1;33mǧŽɽ[2;37;0m߿߿(Zkzk)[1;35m <>[2;37;0m[37m < ׶ >t[2;37;0m[37m(LV135)[2;37;0m
  ˹ [33m[2;37;0m[1;32m󽭶ȥ[1;33mǧŽɽ[2;37;0m߿(Roam)[37m < ׶ >t[2;37;0m[37m(LV135)[2;37;0m
  [1;31mǮ*ѱһ[2;37;0m [33mСС[2;37;0m(Xxl)[37m(LV11)[2;37;0m
  ɽ С (Lykos)[37m < ˰ >t[2;37;0m[37m(LV31)[2;37;0m
  [1;31mǮ*ѱһ[2;37;0m [1;33mССؤ[2;37;0m(Xxg)[37m(LV13)[2;37;0m
  ؤ  ؤ(Gypsy)[37m < ˰ >t[2;37;0m[37m(LV31)[2;37;0m
  ¹  (Zzhy)[37m < ݼҰ >t[2;37;0m[37m(LV111)[2;37;0m
  ɽׯ [36mǹ[2;37;0m (Zzfg)[37m < ݼҰ >t[2;37;0m[37m(LV111)[2;37;0m
  ѩɽׯ  û(Noway)[37m < Ұ >t[2;37;0m[37m(LV86)[2;37;0m
   ʹ ͨ(Putongfy)[37m < Ұ >t[2;37;0m[37m(LV86)[2;37;0m
  ˹ ޺ еش(Mzone)[37m < Ұ >t[2;37;0m[37m(LV86)[2;37;0m
  ɽׯ ʿ (Vpn)[37m < Ұ >t[2;37;0m[37m(LV86)[2;37;0m
   Ժ Ե(Ali)[37m < Ұ >t[2;37;0m[37m(LV86)[2;37;0m
  幬  һ(Ipada)[1;35m <>[2;37;0m[37m < ΢Ұ >t[2;37;0m[37m(LV90)[2;37;0m
  幬  (Ipadc)[1;35m <>[2;37;0m[37m < ΢Ұ >t[2;37;0m[37m(LV90)[2;37;0m
  幬  (Ipadd)[1;35m <>[2;37;0m[37m < ΢Ұ >t[2;37;0m[37m(LV90)[2;37;0m
  幬  ɶ(Ipadb)[1;35m <>[2;37;0m[37m < ΢Ұ >t[2;37;0m[37m(LV90)[2;37;0m
  幬  (Ipade)[37m < ΢Ұ >t[2;37;0m[37m(LV90)[2;37;0m
  幬  (Ipadf)[37m < ΢Ұ >t[2;37;0m[37m(LV90)[2;37;0m
   ͯ ƻ(Iphoneb)[37m < Ұ >t[2;37;0m[37m(LV86)[2;37;0m
   ͯ ƻ(Iphonec)[37m < Ұ >t[2;37;0m[37m(LV86)[2;37;0m
   ͯ ƻһ(Iphonea)[37m < Ұ >t[2;37;0m[37m(LV86)[2;37;0m
   ͯ ƻ(Iphoned)[37m < Ұ >t[2;37;0m[37m(LV86)[2;37;0m
   ͯ ƻ(Iphonee)[37m < Ұ >t[2;37;0m[37m(LV86)[2;37;0m
   ͯ ƻ(Iphonef)[37m < Ұ >t[2;37;0m[37m(LV86)[2;37;0m
   ޺ ʮ(Foxpro)[37m(LV9)[2;37;0m
  ͢  ʮ(Foxbase)[37m(LV20)[2;37;0m
  Ұ [1;33m[2;37;0m(Tian ji)[37m(LV194)[2;37;0m
> 
[36mʮ˫ֱȭ˸ҾλӢˣ
[2;37;0m[36mʮ˫ֱȭ˸ҾλӢˣ
[36mһ˫ֱȭ˸ҾλӢˣ
[2;37;0m[36mɶ˫ֱȭ˸ҾλӢˣ
[2;37;0m[36mǼװĵؽԼظ¶һǡ  
[2;37;0m[36m˫ֱȭ˸ҾλӢˣ
[2;37;0m[36m£ǺǣɵЦ˼
[2;37;0m[36m˫ֱȭ˸ҾλӢˣ
[2;37;0m[36m˫ֱȭ˸ҾλӢˣ
[36mʮ˫ֱȭ˸ҾλӢˣ
[2;37;0m[36mʮ˫ֱȭ˸ҾλӢˣ
[2;37;0m[36m꣢ǺǣɵЦ˼
[2;37;0m[36m˫ֱȭ˸ҾλӢˣ
[2;37;0m[36mƻһ˫ֱȭ˸ҾλӢˣ
[2;37;0m[36mƻ˫ֱȭ˸ҾλӢˣ
